[2018-09-19 16:28:34][debug] 短信发送错误日志
[2018-09-19 16:28:34][debug] 发送内容：{"平台：":"阿里云","模板ID：":"SMS_126464131","发送号码：":"18175723007","参数：":["\"code\":\"781284\""],"签名：":"微汝城 微享汝城智慧城市"}
[2018-09-19 16:28:34][debug] 错误返回：{"Message":"签名不合法(不存在或被拉黑)","RequestId":"E9535533-394E-4BD8-9406-8F156ECD1F79","Code":"isv.SMS_SIGNATURE_ILLEGAL"}


[2018-09-20 00:44:43][debug] 短信发送错误日志
[2018-09-20 00:44:43][debug] 发送内容：{"平台：":"腾讯云","区号：":"86","发送号码：":"18175723007","模板ID：":"SMS_126464131","参数：":[136987],"签名：":"微汝城"}
[2018-09-20 00:44:43][debug] 错误返回：{"result":1004,"errmsg":"package format errorcannot get \/tpl_id:cannot convert to number","ext":""}


[2018-09-20 00:46:56][debug] 短信发送错误日志
[2018-09-20 00:46:56][debug] 发送内容：{"平台：":"腾讯云","区号：":"86","发送号码：":"18175723007","模板ID：":"SMS_126464131","参数：":[105006],"签名：":"微汝城"}
[2018-09-20 00:46:56][debug] 错误返回：{"result":1004,"errmsg":"package format errorcannot get \/tpl_id:cannot convert to number","ext":""}


[2018-09-20 00:56:21][debug] 短信发送错误日志
[2018-09-20 00:56:21][debug] 发送内容：{"平台：":"腾讯云","区号：":"86","发送号码：":"18175723007","模板ID：":"","参数：":[],"签名：":"微汝城"}
[2018-09-20 00:56:21][debug] 错误返回：{"result":1004,"errmsg":"package format errorcannot get \/tpl_id:cannot convert to number","ext":""}


[2018-09-20 00:56:39][debug] 短信发送错误日志
[2018-09-20 00:56:39][debug] 发送内容：{"平台：":"腾讯云","区号：":"86","发送号码：":"18175723007","模板ID：":"","参数：":[],"签名：":"微汝城"}
[2018-09-20 00:56:39][debug] 错误返回：{"result":1004,"errmsg":"package format errorcannot get \/tpl_id:cannot convert to number","ext":""}


[2018-09-20 09:51:33][debug] 短信发送错误日志
[2018-09-20 09:51:33][debug] 发送内容：{"平台：":"腾讯云","区号：":"86","发送号码：":"18175723007","模板ID：":"","参数：":[],"签名：":"微汝城"}
[2018-09-20 09:51:33][debug] 错误返回：{"result":1004,"errmsg":"package format errorcannot get \/tpl_id:cannot convert to number","ext":""}


[2018-09-20 03:02:18][debug] 短信发送错误日志
[2018-09-20 03:02:18][debug] 发送内容：{"平台：":"阿里云","模板ID：":"SMS_126359313","发送号码：":"18175723007","参数：":["\"code\":\"877391\""],"签名：":"微汝城"}
[2018-09-20 03:02:18][debug] 错误返回：{"Message":"模板不合法(不存在或被拉黑)","RequestId":"64C83B54-42C9-444F-86F3-9456A3B57804","Code":"isv.SMS_TEMPLATE_ILLEGAL"}


[2019-04-17 23:50:34][debug] 邮件发送错误日志
[2019-04-17 23:50:34][debug] 发送内容：{"邮箱：":"12123@qq.com","标题：":"店铺审核通知-微汝城 微享汝城智慧城市","内容：":"HI，测试账号<br \/><br \/>您的店铺测试店铺，已经通过审核。<a href=\"https:\/\/rc.0735up.com\/b\/config-business.html\" target=\"_blank\">点击查看<\/a>。<br \/><br \/>微汝城 微享汝城智慧城市<br \/>2019-04-17 23:50:32<br \/><br \/>这是一封系统自动发出的邮件，请不要直接回复。"}
[2019-04-17 23:50:34][debug] 错误内容：


[2019-04-18 00:06:44][debug] 邮件发送错误日志
[2019-04-18 00:06:44][debug] 发送内容：{"邮箱：":"12123@qq.com","标题：":"店铺审核通知-微汝城 微享汝城智慧城市","内容：":"HI，测试账号<br \/><br \/>您的店铺测试店铺，进入等待审核状态。<a href=\"https:\/\/rc.0735up.com\/b\/config-business.html\" target=\"_blank\">点击查看<\/a>。<br \/><br \/>微汝城 微享汝城智慧城市<br \/>2019-04-18 00:06:43<br \/><br \/>这是一封系统自动发出的邮件，请不要直接回复。"}
[2019-04-18 00:06:44][debug] 错误内容：


[2019-04-18 00:21:38][debug] 邮件发送错误日志
[2019-04-18 00:21:38][debug] 发送内容：{"邮箱：":"12123@qq.com","标题：":"店铺审核通知-微汝城 微享汝城智慧城市","内容：":"HI，测试账号<br \/><br \/>您的店铺测试店铺，审核失败。<a href=\"https:\/\/rc.0735up.com\/b\/config-business.html\" target=\"_blank\">点击查看<\/a>。<br \/><br \/>微汝城 微享汝城智慧城市<br \/>2019-04-18 00:21:37<br \/><br \/>这是一封系统自动发出的邮件，请不要直接回复。"}
[2019-04-18 00:21:38][debug] 错误内容：


[2019-04-19 23:08:30][debug] 邮件发送错误日志
[2019-04-19 23:08:30][debug] 发送内容：{"邮箱：":"471583137@qq.com","标题：":"实名认证审核通过-微汝城 微享汝城智慧城市","内容：":"HI，汝城小欧<br \/><br \/>您的实名认证信息已经审核通过。<br \/><br \/>微汝城 微享汝城智慧城市<br \/>2019-04-19 23:08:29<br \/><br \/>这是一封系统自动发出的邮件，请不要直接回复。"}
[2019-04-19 23:08:30][debug] 错误内容：


[2019-04-19 15:08:31][debug] 短信发送错误日志
[2019-04-19 15:08:31][debug] 发送内容：{"平台：":"阿里云","模板ID：":"SMS_53140201","发送号码：":"15197550097","参数：":["\"email\":\"471583137@qq.com\"","\"username\":\"909eb77b@qq\"","\"code\":\"\""],"签名：":"微汝城"}
[2019-04-19 15:08:31][debug] 错误返回：{"Message":"模板不合法(不存在或被拉黑)","RequestId":"EFF81783-E48E-4F4B-8F35-E3697CFA3E24","Code":"isv.SMS_TEMPLATE_ILLEGAL"}


[2019-04-20 23:35:08][debug] 邮件发送错误日志
[2019-04-20 23:35:08][debug] 发送内容：{"邮箱：":"ouyunfa@vip.qq.com","标题：":"帐户积分变动通知-微汝城 微享汝城智慧城市","内容：":"小欧<br \/><br \/>您的帐户积分有新的变动。<br \/>变动时间：2019-04-20 23:35:07<br \/>变动积分：+1<br \/>积分余额：11<br \/>变动说明：日常签到+1积分<br \/><br \/>微汝城 微享汝城智慧城市<br \/>2019-04-20 23:35:07<br \/><br \/>这是一封系统自动发出的邮件，请不要直接回复。"}
[2019-04-20 23:35:08][debug] 错误内容：


[2019-04-21 02:57:29][debug] 邮件发送错误日志
[2019-04-21 02:57:29][debug] 发送内容：{"邮箱：":"ouyunfa@vip.qq.com","标题：":"帐户积分变动通知-微汝城 微享汝城智慧城市","内容：":"小欧<br \/><br \/>您的帐户积分有新的变动。<br \/>变动时间：2019-04-21 02:57:28<br \/>变动积分：+1<br \/>积分余额：12<br \/>变动说明：日常签到+1积分<br \/><br \/>微汝城 微享汝城智慧城市<br \/>2019-04-21 02:57:28<br \/><br \/>这是一封系统自动发出的邮件，请不要直接回复。"}
[2019-04-21 02:57:29][debug] 错误内容：


[2019-04-23 02:13:16][debug] 邮件发送错误日志
[2019-04-23 02:13:16][debug] 发送内容：{"邮箱：":"ouyunfa@vip.qq.com","标题：":"帐户积分变动通知-微汝城 微享汝城智慧城市","内容：":"小欧<br \/><br \/>您的帐户积分有新的变动。<br \/>变动时间：2019-04-23 02:13:15<br \/>变动积分：+1<br \/>积分余额：13<br \/>变动说明：日常签到+1积分<br \/><br \/>微汝城 微享汝城智慧城市<br \/>2019-04-23 02:13:15<br \/><br \/>这是一封系统自动发出的邮件，请不要直接回复。"}
[2019-04-23 02:13:16][debug] 错误内容：


[2019-04-28 21:56:42][debug] 邮件发送错误日志
[2019-04-28 21:56:42][debug] 发送内容：{"邮箱：":"ouyunfa@vip.qq.com","标题：":"帐户积分变动通知-微汝城 微享汝城智慧城市","内容：":"小欧<br \/><br \/>您的帐户积分有新的变动。<br \/>变动时间：2019-04-28 21:56:41<br \/>变动积分：+1<br \/>积分余额：14<br \/>变动说明：日常签到+1积分<br \/><br \/>微汝城 微享汝城智慧城市<br \/>2019-04-28 21:56:41<br \/><br \/>这是一封系统自动发出的邮件，请不要直接回复。"}
[2019-04-28 21:56:42][debug] 错误内容：


[2019-04-29 18:33:52][debug] 邮件发送错误日志
[2019-04-29 18:33:52][debug] 发送内容：{"邮箱：":"ouyunfa@vip.qq.com","标题：":"帐户积分变动通知-微汝城 微享汝城智慧城市","内容：":"小欧<br \/><br \/>您的帐户积分有新的变动。<br \/>变动时间：2019-04-29 18:33:52<br \/>变动积分：+20<br \/>积分余额：34<br \/>变动说明：总签到6天+20积分<br \/><br \/>微汝城 微享汝城智慧城市<br \/>2019-04-29 18:33:52<br \/><br \/>这是一封系统自动发出的邮件，请不要直接回复。"}
[2019-04-29 18:33:52][debug] 错误内容：


[2019-04-29 18:44:54][debug] 邮件发送错误日志
[2019-04-29 18:44:54][debug] 发送内容：{"邮箱：":"ouyunfa@vip.qq.com","标题：":"系统测试邮件","内容：":"<center><br \/><br \/>这是一封测试邮件，证明发送邮件系统正常。<\/center>"}
[2019-04-29 18:44:54][debug] 错误内容：


[2019-05-07 01:15:57][debug] 邮件发送错误日志
[2019-05-07 01:15:57][debug] 发送内容：{"邮箱：":"ouyunfa@vip.qq.com","标题：":"帐户积分变动通知-微汝城 微享汝城智慧城市","内容：":"小欧<br \/><br \/>您的帐户积分有新的变动。<br \/>变动时间：2019-05-07 01:15:56<br \/>变动积分：+1<br \/>积分余额：35<br \/>变动说明：日常签到+1积分<br \/><br \/>微汝城 微享汝城智慧城市<br \/>2019-05-07 01:15:56<br \/><br \/>这是一封系统自动发出的邮件，请不要直接回复。"}
[2019-05-07 01:15:57][debug] 错误内容：


[2019-05-10 18:25:39][debug] 邮件发送错误日志
[2019-05-10 18:25:39][debug] 发送内容：{"邮箱：":"ouyunfa@vip.qq.com","标题：":"帐户积分变动通知-微汝城 微享汝城智慧城市","内容：":"小欧<br \/><br \/>您的帐户积分有新的变动。<br \/>变动时间：2019-05-10 18:25:36<br \/>变动积分：+1<br \/>积分余额：36<br \/>变动说明：日常签到+1积分<br \/><br \/>微汝城 微享汝城智慧城市<br \/>2019-05-10 18:25:37<br \/><br \/>这是一封系统自动发出的邮件，请不要直接回复。"}
[2019-05-10 18:25:39][debug] 错误内容：


[2019-06-10 23:49:39][debug] 邮件发送错误日志
[2019-06-10 23:49:39][debug] 发送内容：{"邮箱：":"3070506308@qq.com","标题：":"帐户积分变动通知-微汝城 微享汝城智慧城市 打造汝城县一站式综合门户网站！","内容：":"苹果<br \/><br \/>您的帐户积分有新的变动。<br \/>变动时间：2019-06-10 23:49:38<br \/>变动积分：+1<br \/>积分余额：31<br \/>变动说明：日常签到+1积分<br \/><br \/>微汝城 微享汝城智慧城市 打造汝城县一站式综合门户网站！<br \/>2019-06-10 23:49:38<br \/><br \/>这是一封系统自动发出的邮件，请不要直接回复。"}
[2019-06-10 23:49:39][debug] 错误内容："The following From address failed: admin@rucheng.pro : MAIL FROM command failed,Insufficient system storage\r\n,452,4.3.1SMTP server error: MAIL FROM command failed Detail: Insufficient system storage\r\n SMTP code: 452 Additional SMTP info: 4.3.1SMTP server error: MAIL FROM command failed Detail: Insufficient system storage\r\n SMTP code: 452 Additional SMTP info: 4.3.1"


[2019-08-14 15:26:23][debug] 邮件发送错误日志
[2019-08-14 15:26:23][debug] 发送内容：{"邮箱：":"123654@qq.com","标题：":"店铺审核通知-互动诸城","内容：":"HI，你大爷<br \/><br \/>您的店铺你大爷，已经通过审核。<a href=\"http:\/\/ziyuan.cc\/b\/config-business.html\" target=\"_blank\">点击查看<\/a>。<br \/><br \/>互动诸城<br \/>2019-08-14 15:26:19<br \/><br \/>这是一封系统自动发出的邮件，请不要直接回复。"}
[2019-08-14 15:26:23][debug] 错误内容："SMTP connect() failed. https:\/\/github.com\/PHPMailer\/PHPMailer\/wiki\/Troubleshooting"


[2019-08-15 10:28:01][debug] 邮件发送错误日志
[2019-08-15 10:28:01][debug] 发送内容：{"邮箱：":"123123@qq.com","标题：":"店铺审核通知-互动诸城","内容：":"HI，测试<br \/><br \/>您的店铺测试1，已经通过审核。<a href=\"http:\/\/ziyuan.cc\/b\/config-business.html\" target=\"_blank\">点击查看<\/a>。<br \/><br \/>互动诸城<br \/>2019-08-15 10:27:57<br \/><br \/>这是一封系统自动发出的邮件，请不要直接回复。"}
[2019-08-15 10:28:01][debug] 错误内容："SMTP connect() failed. https:\/\/github.com\/PHPMailer\/PHPMailer\/wiki\/Troubleshooting"


