[2017-08-31 14:16:40][debug] access_token：WZ42yTa8sY50EIk3HmSsa-41d5VEE0vyVZHI_g8emdleQg1Cdi82ZLWtC5sAg8c40ctxqh2NGco2PCMFew-jPw

[2017-08-31 14:16:40][debug] openid：o4aQ2wHtopFJ--BrsJ4LKhC2wbQo

[2017-08-31 14:16:40][debug] unionid：otxZTwXUlIfWxWOOWKo0Mn-6mSFU

[2017-09-01 10:39:39][debug] access_token：O4OtGVTFqfjvzaxiNSKKIOVnYhbt3EamP9oaUrhJsBJu0S8DVvMexJqbPwy7ebygsgzfcpQwbfmkIVBEV45nMQ

[2017-09-01 10:39:39][debug] openid：o4aQ2wHtopFJ--BrsJ4LKhC2wbQo

[2017-09-01 10:39:39][debug] unionid：otxZTwXUlIfWxWOOWKo0Mn-6mSFU

[2017-10-17 11:40:36][debug] access_token：336Lzdk04JV_SnlViZv8zcjUmiAwSu4UF3_0M8NbkYEGMkGTJxXSSXK7ODps6BKxg_8Ke3fONp0v4yaIxUoBH7LKGTQS8PUyJ-3TWXrYZcg

[2017-10-17 11:40:36][debug] openid：o4aQ2wBR4BX4R8jZVvyYjxA4teVo

[2017-10-17 11:40:36][debug] unionid：otxZTwaqC7IKpnHpv9Lw2jbLjYMg

[2018-03-24 08:08:18][debug] access_token：8_MhXTxXb30UzxWkd-6uuSuAB97gJmXZndfR7Eft5ixEPATmFvpnW5EZm7pirrXqPP2xyUXTrFOCyMVo9I-3dP_sOiCjyQqn4o7ZJEkeKITJA

[2018-03-24 08:08:18][debug] openid：o4aQ2wDbTi7cUIUYrGZ7ljSX3u14

[2018-03-24 08:08:18][debug] unionid：otxZTwX2cxKMIKaM2aAC9306_4fM

[2018-03-24 08:08:42][debug] access_token：8_cYp3p5a-BZw0h1ibaNogwBHu2KpqZ6X1Kpz7tTSZHNPSMFYUX-35qvVb2J_kRNecFUooaMjih_ILNxV9wL-Qj2iZksrtoQ_XSwUtZ4nhA4c

[2018-03-24 08:08:42][debug] openid：o4aQ2wDbTi7cUIUYrGZ7ljSX3u14

[2018-03-24 08:08:42][debug] unionid：otxZTwX2cxKMIKaM2aAC9306_4fM

[2018-03-24 08:09:53][debug] access_token：8_4mKYu385zdzAsjaqQ4xGBvWWyv_cu15HCsjVYUVOWVf-_-X6QEwCA2nOrKFEp2SYV4teinZEUIjezwyNzRplnvHMLUv7WODJiFNI6e85FiU

[2018-03-24 08:09:53][debug] openid：o4aQ2wDbTi7cUIUYrGZ7ljSX3u14

[2018-03-24 08:09:53][debug] unionid：otxZTwX2cxKMIKaM2aAC9306_4fM

[2018-03-24 08:10:53][debug] access_token：8_Z9_834LZ76z_Xlri4_jk9ta0iyOAE70t_bpozs80I1EpZZJ84Z-HpJujec9rP2QjXdeomkTGsICKs8p1Y3YTAw1tKwtu7ChgFKU6nijP86A

[2018-03-24 08:10:53][debug] openid：o4aQ2wDbTi7cUIUYrGZ7ljSX3u14

[2018-03-24 08:10:53][debug] unionid：otxZTwX2cxKMIKaM2aAC9306_4fM

[2018-03-24 08:11:11][debug] access_token：8_TMEta2EwrYjrVCyQu76xLoPWnHUL50-SvXEKS5roO1VqNC3OGKp5GfzMa3X9L9YcnozPFKmYFHYWmtD7TjmuYs_drGgBUgEzmEtJiyJkorI

[2018-03-24 08:11:11][debug] openid：o4aQ2wDbTi7cUIUYrGZ7ljSX3u14

[2018-03-24 08:11:11][debug] unionid：otxZTwX2cxKMIKaM2aAC9306_4fM

[2018-03-24 08:11:12][debug] access_token：8_F-S4piEGFT1vHMi7rTaPdL1vuK5jHBlCUwVnKhlp3KNGWkA6pAL1KCgOiCwStpo4OWBi2J-re-qzqvmru_08iK0Gqfl5_8xxXYKGXZw0Lpk

[2018-03-24 08:11:12][debug] openid：o4aQ2wDbTi7cUIUYrGZ7ljSX3u14

[2018-03-24 08:11:12][debug] unionid：otxZTwX2cxKMIKaM2aAC9306_4fM

[2018-03-24 08:12:30][debug] access_token：8_MhXTxXb30UzxWkd-6uuSuKucZbGg7wCWK9MqOh0tjROEVFGtRoU4AbrdYsGuNvMZgSdiMcJSm5gtxeZ0B8u02qKl5tKV-nCri0fRRQlAPBE

[2018-03-24 08:12:30][debug] openid：o4aQ2wDbTi7cUIUYrGZ7ljSX3u14

[2018-03-24 08:12:30][debug] unionid：otxZTwX2cxKMIKaM2aAC9306_4fM

[2018-03-24 12:18:41][debug] access_token：8_UMrHNcjW5Jhkb-X02X9lo8YZVTF5xEGmW8tsOBdEbmIRnjiUfoi9gZG8xk7_OrmsXNoFAimpgvI0yV4oqcFr3xzNcaTwPPItYOfBlq1_POk

[2018-03-24 12:18:41][debug] openid：o4aQ2wDbTi7cUIUYrGZ7ljSX3u14

[2018-03-24 12:18:41][debug] unionid：otxZTwX2cxKMIKaM2aAC9306_4fM

[2018-03-24 12:18:55][debug] access_token：8_sTV8tYlN0zZOnZ0yXlxANfLLDU32nz5p0_sE0RqHaJFZdzBjPk5_xjLdLWc_x9lBe07jZNjKr1PfEq80jVlvAsBvTPd6H13Jb3eNSKi7Ivw

[2018-03-24 12:18:55][debug] openid：o4aQ2wDbTi7cUIUYrGZ7ljSX3u14

[2018-03-24 12:18:55][debug] unionid：otxZTwX2cxKMIKaM2aAC9306_4fM

[2018-03-24 19:38:50][debug] access_token：8_2kLPJRc3_HPmHAgi2OCIFf0RPh_xPj60Dp5yUBd2QWnww5OtvQyDZWV3mDNnqNx7BQ_e5N-KF7MZUeWV2dW0lP80i_yOR4J-nGSbcyqLUl4

[2018-03-24 19:38:50][debug] openid：o4aQ2wFdDh7Fqlora_LgszRlnZSo

[2018-03-24 19:38:50][debug] unionid：otxZTwRy8JFOK2dLH5cgtfieqocU

[2018-03-24 19:39:08][debug] access_token：8_7u5vS3idXVUSqTN-UXd-eVGZlmkT_42P7ZDBZIBasvmxQV1tgKzN_e6vp1knQEFsmBNiJzqssL_dGEcVQbdUn0uDbVuQQPHShu7tu4a6mxU

[2018-03-24 19:39:08][debug] openid：o4aQ2wFdDh7Fqlora_LgszRlnZSo

[2018-03-24 19:39:08][debug] unionid：otxZTwRy8JFOK2dLH5cgtfieqocU

[2018-03-25 10:28:09][debug] access_token：8_LzDtgxfbLKe4qUOGJjBlq8Kwrhkz6zACwyXR-KR1V5Nz3bE73ESz8FeG29w9xxigmzcYQwmNoFATMxwK-R7rhuYpL8bPAzqro2Cs_rJ2YTY

[2018-03-25 10:28:09][debug] openid：o4aQ2wDbTi7cUIUYrGZ7ljSX3u14

[2018-03-25 10:28:09][debug] unionid：otxZTwX2cxKMIKaM2aAC9306_4fM

[2018-03-25 14:27:04][debug] access_token：8_TB4bDYTY2UwXNpXMJ159I_LCzmwwSD30wbrXxvtDXUK8CT6GkWWMPs4rbabO34l_ZXbLgcQBF0iAdYqxHhBstBVHA2t2eeXpCpYH47ZCvb8

[2018-03-25 14:27:04][debug] openid：o4aQ2wGlOpDn9pwA0TxBWkdMVLmk

[2018-03-25 14:27:04][debug] unionid：otxZTwaWN3fSsdOrU7r0Zv-94YLA

[2018-03-25 14:27:25][debug] access_token：8_0RsOGxTic1Cfdg54Ft8boFcTVk_B0HBiWQtjxi_0FDtWxmQy4BZJa3hCscf2TMiiw6MzU0rl5Nqcy0btPb4gCnOMrVdHVS2j-1uL5refJxQ

[2018-03-25 14:27:25][debug] openid：o4aQ2wGlOpDn9pwA0TxBWkdMVLmk

[2018-03-25 14:27:25][debug] unionid：otxZTwaWN3fSsdOrU7r0Zv-94YLA

[2018-03-25 14:30:48][debug] access_token：8_WE8UGeZ33NEsG-dy0spxjMduJYCfkwflWVc1IwV1_uvsjffMhTvW-kN6oXo7d8n02eFuCVDY29KXRsAXExQWWnn06eWFdZ32_E5IC943-O8

[2018-03-25 14:30:48][debug] openid：o4aQ2wGlOpDn9pwA0TxBWkdMVLmk

[2018-03-25 14:30:48][debug] unionid：otxZTwaWN3fSsdOrU7r0Zv-94YLA

[2018-03-25 20:45:58][debug] access_token：8_YbivNcHa9JSjmtpFQ5bv8AmQWE3knj7LC8IrTRyDlPuUdW5EsyDd9Xl2kz3-3D-SrkTkDVb-S0VcRJASL7xDbL0c0foeXJqgUY02W0HrU-E

[2018-03-25 20:45:58][debug] openid：o4aQ2wJJ-fdzLHQiE8-_E1rPnJ7w

[2018-03-25 20:45:58][debug] unionid：otxZTwW8hd1mR5at_zP2WAIBh1-c

[2018-03-25 20:47:55][debug] access_token：8_1rMZKrf0mkQa1agSANliVMNovesIuOMjZsC6wy_0MnOHW0m-gShrk3rp-W8Pvdj-SJBL27X1BfIrnfW9cxNGhcgiJJHCFDK4tT1_pNhffdI

[2018-03-25 20:47:55][debug] openid：o4aQ2wJJ-fdzLHQiE8-_E1rPnJ7w

[2018-03-25 20:47:55][debug] unionid：otxZTwW8hd1mR5at_zP2WAIBh1-c

[2018-03-26 01:05:30][debug] access_token：8_eEAq6pOmMmwmU68CZWK4CUo532V6FMjtyfBVymenMUx3l2VmGXQJjJPZXQhRcWvr7nHRF1NEm7CDGTTaewz2lWi8HB7jamLm-5cUqmFt96o

[2018-03-26 01:05:30][debug] openid：o4aQ2wM8r9blPBkB16_LB4fTStxA

[2018-03-26 01:05:30][debug] unionid：otxZTwSH5wrdzndt9XSE8SUQB_O4

[2018-03-26 06:10:25][debug] access_token：8_Xl7BW7LH8zVDtuIOv3EURzKRzxJuKYOW2UmSKDXv41uy0oSakDBlPFTqYo-gVzvbfPeyyc8egOvAgf5iWUTRcAxOXr7_26lMUwKz7Cf3Atc

[2018-03-26 06:10:25][debug] openid：o4aQ2wNOgsTC_fGs9ONSGiHtNVgk

[2018-03-26 06:10:25][debug] unionid：otxZTwWeMro0nD7BEYFffUh2GjLw

[2018-03-26 06:10:42][debug] access_token：8_242fiEXTE_Ax4i-rwwB6-2FtuO6eR5PHa9pRIpwp_QTEQ8GKtZ3dZeW8lgrHQPon8hjocwKQwzQW7LgWOrJZMg3NJPbm5qKKLCnJ3BkYAMo

[2018-03-26 06:10:42][debug] openid：o4aQ2wNOgsTC_fGs9ONSGiHtNVgk

[2018-03-26 06:10:42][debug] unionid：otxZTwWeMro0nD7BEYFffUh2GjLw

[2018-03-26 07:41:28][debug] access_token：8_i49D8IHZ48ekNW37fn8MUVZ36h-g6_V0wwlbbOdiPpLC9gEuwDJRUWS8XFFdIW28MDEDyjWWaNEO3--uK5zr2H8a4T8r9HINfRGinGdj73A

[2018-03-26 07:41:28][debug] openid：o4aQ2wDbTi7cUIUYrGZ7ljSX3u14

[2018-03-26 07:41:28][debug] unionid：otxZTwX2cxKMIKaM2aAC9306_4fM

[2018-03-26 07:41:45][debug] access_token：8_RgjNKKhL3KcywBOYmLCSNYxeU5_0pl2WXPFkU4eOBe4RQudqPdTK7M2JSBDEEPN-vDVrm8kzr1xLAKbw6nsqcQM928GJ_-D0OwSv9m88abI

[2018-03-26 07:41:45][debug] openid：o4aQ2wDbTi7cUIUYrGZ7ljSX3u14

[2018-03-26 07:41:45][debug] unionid：otxZTwX2cxKMIKaM2aAC9306_4fM

[2018-03-26 08:14:45][debug] access_token：8_6YozS7Vej_h0uAt5oQcFZt3pGHiJjxbcBC6h4S_Yqa3QNd-rG0dA-5qpkJQQMXlA17vYi_6uwf8qT9pWF4pCkP9Ol166eFITO60SsvrNyNU

[2018-03-26 08:14:45][debug] openid：o4aQ2wAtzwO56KAV6G0xGiCxvRgE

[2018-03-26 08:14:45][debug] unionid：otxZTwV_UPPZlh-sKxwRwRRp40wM

[2018-03-26 09:57:32][debug] access_token：8_ez5WI5x8U3CfZmGDvwFfX0lwVhDIjuIVztOnR_cFfpuiM-EhqStQA_bnyAwhW-tDOhs_U7NDahiaxx0GHMuTYMvkVeSTWaJ9jIPq1gGeVrQ

[2018-03-26 09:57:32][debug] openid：o4aQ2wNkngqL0Xl4U2I9TdqD6_tU

[2018-03-26 09:57:32][debug] unionid：otxZTwS2UHpiY0vHD9lyl8RCLFBc

[2018-03-26 20:44:00][debug] access_token：8_qVIzik_b6-4ZJ3lHo21vap-1EVtOUa3D6cGtSizbOORkgqdqnsdPUHOvMPAh-7Z-dTJ6LIU8SNSy5sSffBQFlZJBcP2jtzxLoVuqjgvb0Dc

[2018-03-26 20:44:00][debug] openid：o4aQ2wB10MCZMMk8ylGCokc8UmBg

[2018-03-26 20:44:00][debug] unionid：otxZTwR5bKZgIDERJaWkScdE2opU

[2018-03-26 21:47:16][debug] access_token：8_ix9rMNbxsTDIJuXjYvNs0tQIoqe-O0_vY39toOfmHde9qbBFXFtQyudtiURk42Zho5vFZfPp5JPCUB23UZkZ_OaiZ2CR12DXSPt145OCSrA

[2018-03-26 21:47:16][debug] openid：o4aQ2wDbTi7cUIUYrGZ7ljSX3u14

[2018-03-26 21:47:16][debug] unionid：otxZTwX2cxKMIKaM2aAC9306_4fM

[2018-03-26 21:47:20][debug] access_token：8_RgjNKKhL3KcywBOYmLCSNbbaZ_gCuk5MHgiLhDTqXuUu9AGvDfBsATTh42gAOfKFs8F5DmZ1kz1OiLhoXsyWDNYZ7oCTDMhg0vDZXklpWRo

[2018-03-26 21:47:20][debug] openid：o4aQ2wDbTi7cUIUYrGZ7ljSX3u14

[2018-03-26 21:47:20][debug] unionid：otxZTwX2cxKMIKaM2aAC9306_4fM

[2018-03-26 22:03:52][debug] access_token：8_u8VPar1aJd-1KoGbzva1kYn2ZnnIXFG2Gl3z28V8i1D331z3xJyhVGp50hPlulcCJh8PQstMvkXB78HG-NPl-B6C69_YqT1HQdIUYeiHedI

[2018-03-26 22:03:52][debug] openid：o4aQ2wDbTi7cUIUYrGZ7ljSX3u14

[2018-03-26 22:03:52][debug] unionid：otxZTwX2cxKMIKaM2aAC9306_4fM

[2018-03-26 22:23:24][debug] access_token：8_hZtk_64wBgrmTTxZFa-HC8e7MhLIZGnnylWYOw2vIOylIK5PA_AuyiSdCasUdyOm_JlQxqOYmZmFI9siBbSwqSzjT2nCqV4At5PvZaDi664

[2018-03-26 22:23:24][debug] openid：o4aQ2wL1xRLbuSs04PlqIfzvozjo

[2018-03-26 22:23:24][debug] unionid：otxZTwcr_CcFRTfxV2VWA4Umax4o

[2018-03-27 14:05:17][debug] access_token：8_YQL9N36KSEvEL8pbd7S7bsV9HRiDcRLilbm7n7tEjWGBn8p6zfqI6UWEwceY5mwvtoI0IWQfaWgeQZHTSQKnZ04aEzSy8xZlgLy6B5QHq4Y

[2018-03-27 14:05:17][debug] openid：o4aQ2wHtopFJ--BrsJ4LKhC2wbQo

[2018-03-27 14:05:17][debug] unionid：otxZTwXUlIfWxWOOWKo0Mn-6mSFU

[2018-03-27 14:06:05][debug] access_token：8_9uciOZvGujHkboOSuTDrY7_HNKQSvhZmemcYjcmHUFxGv6o1cu1ghj7UPV1m1j5fKhD8NLAzNFx1cm69k3Pm4wZR57Nk9k73pWtwJvP66Oc

[2018-03-27 14:06:05][debug] openid：o4aQ2wHtopFJ--BrsJ4LKhC2wbQo

[2018-03-27 14:06:05][debug] unionid：otxZTwXUlIfWxWOOWKo0Mn-6mSFU

[2018-03-27 20:46:08][debug] access_token：8_biqAiKHdxt_d2BodI-9lvo1AslTQVzEM6VEbBSASqT-Flt1ZMlfLQ8uxba5DW7UufOFOw9CbqWsaDkh3elDmGxigiPZvbxTdtzM1BS9pGqU

[2018-03-27 20:46:08][debug] openid：o4aQ2wJJ-fdzLHQiE8-_E1rPnJ7w

[2018-03-27 20:46:08][debug] unionid：otxZTwW8hd1mR5at_zP2WAIBh1-c

[2018-03-27 22:50:02][debug] access_token：8_Ot04gyaFwtK017ARY0DkcrvICrzFhJr31h2LpDbh8a4wisEjY8YIlZTU3s1Ltla8htKenG_8c-v7PzIcLnH8KibmIcqkrb_fOYRmLK3voYY

[2018-03-27 22:50:02][debug] openid：o4aQ2wNRO-nwhkfRxyQVGUbrxZ3c

[2018-03-27 22:50:02][debug] unionid：otxZTwWzuUFcozAJLU15PmJ5X0mg

[2018-03-28 02:04:43][debug] access_token：8_iNUDXivcIJFZmqXWFReQNoK9O0pWIx52wtRqFpWgq2eWa4fvWts3ZK7_6zB4ECzeUgD8_empFDX9185sy_rzTsWHU3EMnv7tiPiIO6yFCZ8

[2018-03-28 02:04:43][debug] openid：o4aQ2wIzb4682Ia0lTcawuEzhIag

[2018-03-28 02:04:43][debug] unionid：otxZTwQ0JHGS4U7ZZ7WfDLIgwV1k

[2018-03-28 15:25:00][debug] access_token：8_YmgjwD_ALcpi6maf_wz64fU5moxctSLcidblwoHq3ivYUAPI2QWI8-ThW0w6yHnnVWnltyFl0sL_4qMfjGfRXCfzCMYcENS1MLE2lPSbiSs

[2018-03-28 15:25:00][debug] openid：o4aQ2wB10MCZMMk8ylGCokc8UmBg

[2018-03-28 15:25:00][debug] unionid：otxZTwR5bKZgIDERJaWkScdE2opU

[2018-03-28 15:25:06][debug] access_token：8_2buYogpk9JxZgUF7JCTfgpfrxob8PvbLQ7_Nzmh_tKy1c22Gdu2hqHfNnv5LzQHnx_k6xNSd5TBAdPXRZUVJEJA26USVQ6XG-xpDYT87aXk

[2018-03-28 15:25:06][debug] openid：o4aQ2wB10MCZMMk8ylGCokc8UmBg

[2018-03-28 15:25:06][debug] unionid：otxZTwR5bKZgIDERJaWkScdE2opU

[2018-03-28 15:25:24][debug] access_token：8_UYa0MqC5aA6nefFKOCXSjhQLm0OZJyHl4UmNn14R8QithRB7z_Oy0iUTfaVmydTkuPZt6fFmMz-VUG19q8N_mrTz11Z4JS7VzCe6mTgBVMM

[2018-03-28 15:25:24][debug] openid：o4aQ2wLNZ2b5F1fi1pFMKAkTgAxM

[2018-03-28 15:25:24][debug] unionid：otxZTweqLgYpfGGfalDNoaIacwc4

[2018-03-29 11:20:58][debug] access_token：8_0G0EpWgoLlw22K7nqo2nGqKruyqiW9GcTjflaAaDJcVD9Oe5qNDPkPFensSgQK9RrSTb5RZHW2NT11F_kC6Psj2VnRISSkV7EgRL4umLj6g

[2018-03-29 11:20:58][debug] openid：o4aQ2wL2879LRDh4hRnpVNIrY-TQ

[2018-03-29 11:20:58][debug] unionid：otxZTwdnBJ73jjEYQDWCEjsXr7Wg

[2018-03-29 16:39:28][debug] access_token：8_-A5u0yd2LPZR9q6q_OucRH-d6xOn08i8qBWz6JVVcDqtQrUZ8XK4wWCDHFzvsrU0Sr1OsWh99J8-LUETVHYdXEFtoFsuu3uNBUb0abP1Xb8

[2018-03-29 16:39:28][debug] openid：o4aQ2wFSBZmylzwmZ_d6NQ-hKVnc

[2018-03-29 16:39:28][debug] unionid：otxZTwUnBqodCQLZ6-8Ni4tgeglU

[2018-03-29 17:52:47][debug] access_token：8_NPSAlgFOYDQc-SzyYJy6VqxDEo1Xqe-33rdSD0dA51XQzLbWKdAHm-2MxD0Rzbul6q457VigzqW4ydwyTPLZjXvsBoIRJJ0tK46AKomhtnQ

[2018-03-29 17:52:47][debug] openid：o4aQ2wIyD92bEIWb92iMUkIgyOuU

[2018-03-29 17:52:47][debug] unionid：otxZTwRKggcSh6qEppKyGVKaX3nE

[2018-03-29 21:16:29][debug] access_token：8_wZNrpyAjHRcfx9p7w_z9ZaamIrd4grbjX645vH3fTROKZDiTg0OzIm6zQo7OO3yKu_T_u1DfnpD62tN7BEbwQtseX_ozSiesYXHCuSVZQYg

[2018-03-29 21:16:29][debug] openid：o4aQ2wA0zBuGyJiJVSsWl6I8CbuQ

[2018-03-29 21:16:29][debug] unionid：otxZTwYSQT6Zc_iNwOTSV8TFIjTk

[2018-03-29 21:27:15][debug] access_token：8_yxJsw5s3JTHudT666NKBc4yAj-9rWXk6XA0Gey1xNFJN4wnAbea1fGZ5f-vdY0rRJsxi80hvhWHtat1s87yemit6KDAzSGgUXXHejkFRu-s

[2018-03-29 21:27:15][debug] openid：o4aQ2wA0zBuGyJiJVSsWl6I8CbuQ

[2018-03-29 21:27:15][debug] unionid：otxZTwYSQT6Zc_iNwOTSV8TFIjTk

[2018-03-29 21:28:36][debug] access_token：8_BgZzGlfSG1oXqd0yoc1O3cr1dTPVyrDADfLWk-mlSs5keX1hIr5zTavW2eT_V2HJB-29ZkHjt5QAjsmlxjxSIfqKCFBNkswUbC4DFBOksKo

[2018-03-29 21:28:36][debug] openid：o4aQ2wA0zBuGyJiJVSsWl6I8CbuQ

[2018-03-29 21:28:36][debug] unionid：otxZTwYSQT6Zc_iNwOTSV8TFIjTk

[2018-03-30 16:10:50][debug] access_token：8_OZYvo2pycc6TzN2yFGh8Rz11iy1DUteQBY8-H9Lv9FRTZORLUemptdp2qhqQuh6tQt-fF7L8v67oNSWGafNNM9C4KQG4msC77LMd5wOlHCs

[2018-03-30 16:10:50][debug] openid：o4aQ2wP8SqmI6LNHNAKiGS8jBOa8

[2018-03-30 16:10:50][debug] unionid：otxZTwX8pmyhvhfrjWAVi4V3uERA

[2018-03-30 19:09:43][debug] access_token：8_biqAiKHdxt_d2BodI-9lvnRYkEFHWQfLQ7I-Vq7QKJZnTX0w4gqi4yYl1hmkY3Ps9GaN9bj3juVEGS0x-NAnWds3g5uRT04fR7AFNRB9VSw

[2018-03-30 19:09:43][debug] openid：o4aQ2wJJ-fdzLHQiE8-_E1rPnJ7w

[2018-03-30 19:09:43][debug] unionid：otxZTwW8hd1mR5at_zP2WAIBh1-c

[2018-03-31 23:25:57][debug] access_token：8_wCD0sCylU-C6JafCwu76xTKsCQ152P8TLxqCQZyqByCccIxlscgX7NYituesgtS97bq6PCAAEqRzqbXaal9iQz7bS3oUxxMg7eOXwrE0Qd0

[2018-03-31 23:25:57][debug] openid：o4aQ2wJJ-fdzLHQiE8-_E1rPnJ7w

[2018-03-31 23:25:57][debug] unionid：otxZTwW8hd1mR5at_zP2WAIBh1-c

[2018-04-01 10:20:50][debug] access_token：8_9oJ63Un__T6r6OAGm4H3X4JNu8xT6yj7zVXtRaxq8GvMa4Dej0U-V1YDqA8makdKE58Oikxjdj9_8zLqXf60ZqZT-MT2unyfdlydYN5Fan4

[2018-04-01 10:20:50][debug] openid：o4aQ2wGlOpDn9pwA0TxBWkdMVLmk

[2018-04-01 10:20:50][debug] unionid：otxZTwaWN3fSsdOrU7r0Zv-94YLA

[2018-04-01 18:27:44][debug] access_token：8_ZTMOcdrP3UrCiqWK8GnJApQa73PmYXS8ulphD6GZuk-oay-WT8uVqf_xLBwBHz1wpv_oYrFIm6aTYvysu-6_dcKPEJJZiMLQFTpSXDCxy2M

[2018-04-01 18:27:44][debug] openid：o4aQ2wGlOpDn9pwA0TxBWkdMVLmk

[2018-04-01 18:27:44][debug] unionid：otxZTwaWN3fSsdOrU7r0Zv-94YLA

[2018-04-01 20:07:55][debug] access_token：8_QHSnJTUdU8l-wAGezV39_7VQAg-x_0Y9T3WjQgKKR4piCkR_tjxYNSDvjXvzTRP01tFfT_rQWbSYmHse5wVmLoDDiTf6AFcp8Q9jVExSbA0

[2018-04-01 20:07:55][debug] openid：o4aQ2wGlOpDn9pwA0TxBWkdMVLmk

[2018-04-01 20:07:55][debug] unionid：otxZTwaWN3fSsdOrU7r0Zv-94YLA

[2018-04-02 13:33:26][debug] access_token：8_fb0W3V3w6s7GlrCHEsSyp3GhQsZ3AyE3nazWUoNLFTInOeXYn3oTqZwMUg8athdx89GRKdO_sxWir2e-uIkh28H8lj-g0RZVnmFG34aFVbw

[2018-04-02 13:33:26][debug] openid：o4aQ2wGlOpDn9pwA0TxBWkdMVLmk

[2018-04-02 13:33:26][debug] unionid：otxZTwaWN3fSsdOrU7r0Zv-94YLA

[2018-04-02 15:53:24][debug] access_token：8_QHSnJTUdU8l-wAGezV39_4iupFwBZMSiHkJrp9uS7HcdQSRmOneeKrX_NhFkVCGWs8ALHfUkMNasVmFWW54btMVrT8Kkuqdpmq42hXjLq9A

[2018-04-02 15:53:24][debug] openid：o4aQ2wGlOpDn9pwA0TxBWkdMVLmk

[2018-04-02 15:53:24][debug] unionid：otxZTwaWN3fSsdOrU7r0Zv-94YLA

[2018-04-02 22:12:03][debug] access_token：8_1_XO9iLKYpAwYMWVrzVYHR0ROXQXbGfma0bWPDS8QSU3bpIgYUj--mkawBKAcetL3LspTpsEedfYXktIajYKXImMki8ZsEu0LWVdW1DQoiU

[2018-04-02 22:12:03][debug] openid：o4aQ2wGlOpDn9pwA0TxBWkdMVLmk

[2018-04-02 22:12:03][debug] unionid：otxZTwaWN3fSsdOrU7r0Zv-94YLA

[2018-04-05 11:32:22][debug] access_token：8_zFp1RXYrJAiq7RIr3TNAczk_d_dpmny82izAMprClIALJSPKF9gMTJjKuxVqFAShbYvrgSBwbDFW2ELN9gZnLYtaNgSpvC_rXJILnRPdthE

[2018-04-05 11:32:22][debug] openid：o4aQ2wBpZpqZL1deYwKauwXXYKNE

[2018-04-05 11:32:22][debug] unionid：otxZTwYmg1WPILBpoQv9JbqOo4LE

[2018-04-07 06:35:55][debug] access_token：8_UhnuDP0cGU4XFmTcZQYuSbSIVxAFTV2RhmSHFBf0BOoNC04QG-c1mgjFgKPb9WeL4cK9FiQM520Axo0oB_AREgBW-e9mW8cDBE32FK7qb98

[2018-04-07 06:35:55][debug] openid：o4aQ2wOg_PT2OgVPGEremP73PRV4

[2018-04-07 06:35:55][debug] unionid：otxZTwexawv342Zu-_i38HjnyiVI

[2018-04-07 06:37:15][debug] access_token：8_KecPL_LaBmrGCXepzYZBsDFRsb1PTcgpf9NS-6Amh_p0W0YMdjO7edgIglq6e4ofkYZcCVlL6IrxVBnRK6zq49_DSMwrHOQCi-aJCSvI-JY

[2018-04-07 06:37:15][debug] openid：o4aQ2wOg_PT2OgVPGEremP73PRV4

[2018-04-07 06:37:15][debug] unionid：otxZTwexawv342Zu-_i38HjnyiVI

[2018-04-07 06:38:05][debug] access_token：8_2qKflbesXFEmdy7p9Yn3DOOsU2dvL68n5xr22kTbsj_FO6VqBrRbAhsOm3cbUjI9u_ymCVR2joJASdb7c9yMON4xDFbFHiqB7u0PCAdPV5Q

[2018-04-07 06:38:05][debug] openid：o4aQ2wOg_PT2OgVPGEremP73PRV4

[2018-04-07 06:38:05][debug] unionid：otxZTwexawv342Zu-_i38HjnyiVI

[2018-04-07 10:04:38][debug] access_token：8_ZR-XZ7r7xc-dbF_9RQMj57VlLMSn8L9JipV6O1cVyfovIKUP8cDBhmRieHtImg7Qrfn5BSKGSBILG76no1jWz7JaB_Ypg0H2ipvzeQEmc2A

[2018-04-07 10:04:38][debug] openid：o4aQ2wOg_PT2OgVPGEremP73PRV4

[2018-04-07 10:04:38][debug] unionid：otxZTwexawv342Zu-_i38HjnyiVI

[2018-04-10 08:07:51][debug] access_token：8_xmDlP0f1-k4xjP_Z-UyW7gfkDSaMWvGybFvhCvQkkKXsRAZ3KNE1ayUqFfAjv_BzOZSeE-T057N1BJzhSCRKhuvm3Ni9UJbQ00_AvTFvBVY

[2018-04-10 08:07:51][debug] openid：o4aQ2wICiYXF7yvfDvbVzEwh3k2s

[2018-04-10 08:07:51][debug] unionid：otxZTwbBQBYbLBJuT0smcEER9Xd0

[2018-04-10 10:06:12][debug] access_token：8_R93KVzibmYf1yE1yJpF5YW0mmIgq2miknmS2VUIHsZhZQDuut5U8Co3brHs4LW_n01O0cZVj38AhaGNBIU_qRm2IwQeMWuoAj8yREgd39fM

[2018-04-10 10:06:12][debug] openid：o4aQ2wOg_PT2OgVPGEremP73PRV4

[2018-04-10 10:06:12][debug] unionid：otxZTwexawv342Zu-_i38HjnyiVI

[2018-04-10 14:45:07][debug] access_token：8_ADbxrTCxnmblwtda7mnYKCb2F47Dh95DAgHOLkSTopmHwjPN8E7ZSBs-b0icg2hh-RwimrS7ymAEfnlmlKS8cHjg9lA_vJ5pA8jzI6l7L-0

[2018-04-10 14:45:07][debug] openid：o4aQ2wOUBrCArCw-GwIXws8TFBiw

[2018-04-10 14:45:07][debug] unionid：otxZTwTbLyA2Ohu2HIMt8Cz3Cl8Y

[2018-04-11 14:38:32][debug] access_token：8_lb4p0pet7Gpg-7476E_SyRJS9pGZeSIABbcC9gOtN7S5Gqj1f0xMdCaqCH1RrDJ6hKuTfagpgTLui4TLanBStQJ9s_DxexMAthSuFPxCRZA

[2018-04-11 14:38:32][debug] openid：o4aQ2wA9QT7dVchPb_mkjVzZgakE

[2018-04-11 14:38:32][debug] unionid：otxZTwaKO2pxCnrL4sTk7xvHdXQs

[2018-04-12 18:12:53][debug] access_token：8_uMBb4gmJY4B5-ZiUXe_naiV8axh7aaOtcQbt7er6pqmAHj99tvspUBwyxC9Qvqwke130Xbg7rtYGhe3Bst5nmYaCg0letGQkRWq9R9p3S1Q

[2018-04-12 18:12:53][debug] openid：o4aQ2wCwUnrLu6C_Mq1qVVKiZ5rM

[2018-04-12 18:12:53][debug] unionid：otxZTwaaisSkXMPsi3a5PGjYnuKI

[2018-04-13 00:08:25][debug] access_token：8_qWYhHmbL4xPtkA0P65NmK7kV0kJIVR3VtTLHNS8tJge40uOghHAwjkxq8QbAjOUAHpzkHw__vuNZeYyziiIwxClZ1dKd9Gowpb_xo1QHS60

[2018-04-13 00:08:25][debug] openid：o4aQ2wCwUnrLu6C_Mq1qVVKiZ5rM

[2018-04-13 00:08:25][debug] unionid：otxZTwaaisSkXMPsi3a5PGjYnuKI

[2018-04-17 15:53:21][debug] access_token：8_mvxqPjkFvvfXLYDxYEop-cNFt92j2FC3lT5f8SOvjOTAgdnjKm1jxsi_nt7POMH25gsf66L5_D76wqNdeOqASIXT0EmLk6bjxW9isvGzruQ

[2018-04-17 15:53:21][debug] openid：o4aQ2wPGyTcsHeaHzfpdtqEV1tZU

[2018-04-17 15:53:21][debug] unionid：otxZTwc0hx4-0HUABAbZls9yGrd8

[2018-04-18 17:47:42][debug] access_token：8_GuAA90s6GVH0mUUZpuajYkyRHs9_tSWutI6cda8cHyTaEMRRXU4rSBCEECi67o0nzNH9YmFZ6cqQLPx8v1Am2LVF0PGPwRnikcpmsn1VmOE

[2018-04-18 17:47:42][debug] openid：o4aQ2wBGQAXuPnq0fMb8KXh_uLds

[2018-04-18 17:47:42][debug] unionid：otxZTwW7gafG7Fazv2E0tYxuV1P4

[2018-04-18 19:48:44][debug] access_token：8_wJbxdo8n-W3AuJdcutTpnh12Sr7Np4CVJ_s_a4-jyz6IbatvjqZCA5yP4_JEgXz00dzA0cnYFrU64Dq80dbBcQS6gj7w82ykzuWvW_fBoOY

[2018-04-18 19:48:44][debug] openid：o4aQ2wBGQAXuPnq0fMb8KXh_uLds

[2018-04-18 19:48:44][debug] unionid：otxZTwW7gafG7Fazv2E0tYxuV1P4

[2018-04-18 20:58:21][debug] access_token：8_LM5ny2yC2DhoK5lxU0N-5iwbNhFAi5WQkey-OzLEoykigxO30WfodbM4g6SFAdugG2AH6WKmrgvCXXKz6brveGo_Ns1nhZGk_BvHnPQiklM

[2018-04-18 20:58:21][debug] openid：o4aQ2wBGQAXuPnq0fMb8KXh_uLds

[2018-04-18 20:58:21][debug] unionid：otxZTwW7gafG7Fazv2E0tYxuV1P4

[2018-04-18 22:28:20][debug] access_token：8_x526m0atIZdwN4XI6U_o6dP1YQ-77El4TKdVymFOY4MktnQ87YsVd7jyAGSfQYFmL6N9jtSxL1tZxERCKmubDeJ2wpKWh_8lPoB2XtcKcXM

[2018-04-18 22:28:20][debug] openid：o4aQ2wLjmqRKWF8DcP0wDiY8OlwQ

[2018-04-18 22:28:20][debug] unionid：otxZTwTPxdIrcc1jEnSnxZJr8570

[2018-04-19 12:16:07][debug] access_token：8_wguPsNrBwk-gr-p3KjgSN7zr8ZqdGP4-hOCF2y74LBOZrOPiVJLpLXkBsquM2dCXtkhLnmZd0aCBhzQ-w96LqnPEZS9HviEp13TJVOagGeI

[2018-04-19 12:16:07][debug] openid：o4aQ2wDOx2FZvvzFIkUfWUTbM2ic

[2018-04-19 12:16:07][debug] unionid：otxZTwUNkqERYl_G6Vaucpvds0g0

[2018-04-19 13:57:11][debug] access_token：8_CsNAnnIMMAogUP2j9waPAu1-AaY0ltpMUXQT5r86BFv0PqGNwBWAHElLknZirpwZb8C8xTfdieky2iOU3vFZDLkRvBn5aZUQPh__-p8LeOg

[2018-04-19 13:57:11][debug] openid：o4aQ2wJJ-fdzLHQiE8-_E1rPnJ7w

[2018-04-19 13:57:11][debug] unionid：otxZTwW8hd1mR5at_zP2WAIBh1-c

[2018-04-19 16:54:44][debug] access_token：8_mYGN5QgUHz3_S-MnTQ395fOe8d2po30eKdvk3qFHZOrPW1GfN-OvJQah0ywQKfEgS5GdGjzGCEbZkGHDcFOBQLl1xprshajsj8vWHihVUX4

[2018-04-19 16:54:44][debug] openid：o4aQ2wKgt8VScPXgdChkhvZkG3lo

[2018-04-19 16:54:44][debug] unionid：otxZTwX51Kq66scW9zOeErYUNQE8

[2018-04-19 17:02:12][debug] access_token：8_aGSvsTw9c4RWs1hlJMUFNMMCwSgLMUNdBHMvdNQeGHAHb3gJ2NCQh_iNM91as-f-MgE_9rpAadHXRcYnmYablz_D6HTXBtjV1TnxCO40OkE

[2018-04-19 17:02:12][debug] openid：o4aQ2wKgt8VScPXgdChkhvZkG3lo

[2018-04-19 17:02:12][debug] unionid：otxZTwX51Kq66scW9zOeErYUNQE8

[2018-04-20 13:10:59][debug] access_token：8_P9dK_zd46W3i96CODIsW_S2HlDpaWdIh2D82yChPTeYg8QJCD92RfVQb7yqppgLqKIl65j2SFcbo-1cK-MMI3wpVVfquMCFw2TQvPvAnXDk

[2018-04-20 13:11:00][debug] openid：o4aQ2wE8Y5jAZjTfmPwSb2BCAnpM

[2018-04-20 13:11:00][debug] unionid：otxZTwZuQ7U96RhJ7FCGeUD7-WtM

[2018-04-20 22:20:51][debug] access_token：8_Cd4I2zPnVydDXf7FBsmXof8LaKGe_SdELJblc7Q_cvZeRQ5Df5LX3mwJdHzQ3eNToYjuId7BJIl_y8QUsr6iQFw4ssrV4Dk274sSFZNvw-k

[2018-04-20 22:20:51][debug] openid：o4aQ2wGaEtEQUm47S9J8zILWC8Ew

[2018-04-20 22:20:51][debug] unionid：otxZTweDpACzLoyv_1vd2gtdJPQg

[2018-04-20 22:32:47][debug] access_token：8_ZCFMM4TZ1GeDJ33O6YGAAfAQuG8-C8mX7yT52O0Wj0tT8QnVC-DRsK_I9MVyxLjZCrbUignB5Wup4xAL2BG8pnNmkL5vGGerGPokAHBlXPM

[2018-04-20 22:32:47][debug] openid：o4aQ2wJJ-fdzLHQiE8-_E1rPnJ7w

[2018-04-20 22:32:47][debug] unionid：otxZTwW8hd1mR5at_zP2WAIBh1-c

[2018-04-21 05:37:07][debug] access_token：8_kwYDWnk-VwvhxxQhS4w2s1pWTcvueln-eKRcPELGk4A01nXZxckeky1ZuWVNKqPemhvKG1iPPoA9ccmgO8qCqH0jbHYMHYHnVTH2V7ZO1vM

[2018-04-21 05:37:07][debug] openid：o4aQ2wE8Y5jAZjTfmPwSb2BCAnpM

[2018-04-21 05:37:07][debug] unionid：otxZTwZuQ7U96RhJ7FCGeUD7-WtM

[2018-04-21 07:40:52][debug] access_token：8_zandIs94Nq-LkJMHoocRvv3a9qlswuaWKG1wkgY0p-0tZwZqOsB--VReRXKq7ih1XK-h6XIs-A5F-GukQkHAjlMjIMMqKcbcFbEUxqCksfA

[2018-04-21 07:40:52][debug] openid：o4aQ2wGaEtEQUm47S9J8zILWC8Ew

[2018-04-21 07:40:52][debug] unionid：otxZTweDpACzLoyv_1vd2gtdJPQg

[2018-04-21 10:06:52][debug] access_token：8_0irBf6DwR6r1vEvTwvL1ggMvuaRCS6fhgXEpqXaZO9pCzaxzTO9z-QzHMraCvxe67VEXepv7z8gpYQaeud6kzmPP6m5QUypOykIG_Z37IxE

[2018-04-21 10:06:52][debug] openid：o4aQ2wJJ-fdzLHQiE8-_E1rPnJ7w

[2018-04-21 10:06:52][debug] unionid：otxZTwW8hd1mR5at_zP2WAIBh1-c

[2018-04-22 18:07:12][debug] access_token：9_x15RyOaTN67l76Uju587DBLF1kXQQrw3lrlcuz83IkbCB_zcaOdTblCexPBToZEtJtanyL8DlJZulqaBBLyipjjfkobmQ0jEPh-3WlWQu_s

[2018-04-22 18:07:12][debug] openid：o4aQ2wOoXSIUefVDL76Ren-AeFOM

[2018-04-22 18:07:12][debug] unionid：otxZTwWIjw-7sUuwHP8sI7CsBpE0

[2018-04-22 19:51:27][debug] access_token：9_3RivFUDlxgMo9xCIa-GYU8gjhgnkQ3EAAVzUsv_lWB6a4A791wMkUulBaXaDHZiBiHEOqUuHepc1ngOZA_Y_uB_L0QiRDDfFCVoTXmLYCcM

[2018-04-22 19:51:27][debug] openid：o4aQ2wIZGWq1ZknQ31B20zO5aMMM

[2018-04-22 19:51:27][debug] unionid：otxZTwTURfWBSZo8Gub-hMUtAVq8

[2018-04-25 07:18:16][debug] access_token：9_D4Rr4nYjVAl6h14mUYh6nU4Ni46fh9tskVpH-vNOoGNedCYUdRuJICZd7hz4jx4KkxVVpZsc7Uc8YkP6byAAv_dsMrJs2QFERP_h7H9IwbA

[2018-04-25 07:18:16][debug] openid：o4aQ2wDGBu-sMWJcu4_cjjjjBRps

[2018-04-25 07:18:16][debug] unionid：otxZTwSc4QjGRzDCD6Xjk0EcpgBY

[2018-04-25 15:20:03][debug] access_token：9__UJd45iX4aT3bQdNwLQJ57zRkxQUehMwrFCH983XDSamlCXroj3TYrG9ZpYwadcumaOnsd2xgoJ7knwupj5kpiyWLKBo9PJjtwJR85Kn5Tc

[2018-04-25 15:20:03][debug] openid：o4aQ2wD0hWD_r2pudpvpO9ZTS8sg

[2018-04-25 15:20:03][debug] unionid：otxZTwWD8zKzKyrtSNW6WrU2XHr8

[2018-04-25 17:29:13][debug] access_token：9_OTQTsWyd0XxdNgA52hbxBQR4nF56_6u1l1e91rlH4x6zQ_WivjolOarBD7Px1zfahfsNz0bGZqdy44NVAbCGUE_77lHKW7eYfPqqa_32vIA

[2018-04-25 17:29:13][debug] openid：o4aQ2wLjmqRKWF8DcP0wDiY8OlwQ

[2018-04-25 17:29:13][debug] unionid：otxZTwTPxdIrcc1jEnSnxZJr8570

[2018-04-26 19:32:34][debug] access_token：9_YVSzsWZsWfUQbYDh240Gc0NmXaRE-dmOeMkA0XvWhBG8Gv13KvNH3ehO01j1lH84dPgOpM1ZLk1HDgzdy8hRkDpNlcDyZRKsvso4j2UVY1o

[2018-04-26 19:32:34][debug] openid：o4aQ2wB_Ngcz2WXOKhblF722zQY4

[2018-04-26 19:32:34][debug] unionid：otxZTwY78qtL6irYLYLPRKxwqrPo

[2018-04-26 19:39:18][debug] access_token：9_YVSzsWZsWfUQbYDh240Gc1vhscmDSHoytdKyYWIhJKRynO4tqZyP1QczRGWp8rynhqXsZKkqHJz9E01YYV-yc08Itezw7ij5g-abYh6izGk

[2018-04-26 19:39:18][debug] openid：o4aQ2wB_Ngcz2WXOKhblF722zQY4

[2018-04-26 19:39:18][debug] unionid：otxZTwY78qtL6irYLYLPRKxwqrPo

[2018-04-27 10:23:41][debug] access_token：9_rCbMwLf1g_LHLK7HeC-VO9Fp-1Y6RH22D2xD_dUe-Ytgj3rCPf3Fx6o3NAAut5eIGbHi9jl6XGR1ypkifhKJmpe97VZGy5IGOXQj4sIvotg

[2018-04-27 10:23:41][debug] openid：o4aQ2wB_Ngcz2WXOKhblF722zQY4

[2018-04-27 10:23:41][debug] unionid：otxZTwY78qtL6irYLYLPRKxwqrPo

[2018-04-27 10:24:00][debug] access_token：9_68Ogbg0C1UJ98_OKkl1P4OfvWxDiSxRQtFYFgd9vWNCJKGN8H_Yk0x0i77B-YEHCk2GCe4K1AM3QMqkPRVcd5gfdMPxvwDrrebSuFJoO6T8

[2018-04-27 10:24:00][debug] openid：o4aQ2wB_Ngcz2WXOKhblF722zQY4

[2018-04-27 10:24:00][debug] unionid：otxZTwY78qtL6irYLYLPRKxwqrPo

[2018-04-27 10:24:16][debug] access_token：9_WDS4tA6F8TbdplTMeP0veB73uX0VaPUxbtD3lZ_ngVxsyh5xCbhcQ49INuoxobg3_mo4FG3vXGHkB8MQCHCIzUmIxl8ywvxoOwPjb3_Aaro

[2018-04-27 10:24:16][debug] openid：o4aQ2wB_Ngcz2WXOKhblF722zQY4

[2018-04-27 10:24:16][debug] unionid：otxZTwY78qtL6irYLYLPRKxwqrPo

[2018-04-27 10:25:11][debug] access_token：9_sq3r7KfG-tokIuzkzU9oPA6mK-sO12acWZh_7kjsYySlP8caudJmI2sz3fhUMmZTsZgcSXsKjsaPSR2cF4l9QyvjbhGetnPFdEn-eCKdM9o

[2018-04-27 10:25:11][debug] openid：o4aQ2wB_Ngcz2WXOKhblF722zQY4

[2018-04-27 10:25:11][debug] unionid：otxZTwY78qtL6irYLYLPRKxwqrPo

[2018-04-27 10:37:53][debug] access_token：9_rJMJ_fZj5ebAzaXoBgpQl7Xg5_GMeTer1rUPq-4-sWbJIna7m9gEHRej_EPT7y52cy-QcZkGK251zWws4d6EC0kEPxkf1-fdfae3C_l685I

[2018-04-27 10:37:53][debug] openid：o4aQ2wB_Ngcz2WXOKhblF722zQY4

[2018-04-27 10:37:53][debug] unionid：otxZTwY78qtL6irYLYLPRKxwqrPo

[2018-04-27 10:38:51][debug] access_token：9_DOcKq1WFC5zSoHBP5yl_1IccDOafy6bIz_YkWmih8ZY-97itrgvHv9XMxzlSwolFFnFMeFnvtAB8XYn5btSfNDXRnErpB24nlMVQh3D1eXs

[2018-04-27 10:38:51][debug] openid：o4aQ2wB_Ngcz2WXOKhblF722zQY4

[2018-04-27 10:38:51][debug] unionid：otxZTwY78qtL6irYLYLPRKxwqrPo

[2018-04-27 10:40:53][debug] access_token：9_Ye22LWAv4reQ5nlpjHJK-OyWwOGPB9AL0wVmKpq9tS9YYhhGvLYYVPCUDn73yDPWxt8tn0N4T-XlwpUYItI-GGJqd_iy3_JgZ5Hix63CzOQ

[2018-04-27 10:40:53][debug] openid：o4aQ2wB_Ngcz2WXOKhblF722zQY4

[2018-04-27 10:40:53][debug] unionid：otxZTwY78qtL6irYLYLPRKxwqrPo

[2018-04-27 14:08:42][debug] access_token：9_9tA8P4vPuHjE4Dn50Y_zlkD6sqfteZtsqNleRt4JHNpQJKLUzzXm-RlhxPy2ZeFYLlMgSObUkyqtdNuLTa0nPFIITCLBInsQ6OeZQKUeeHI

[2018-04-27 14:08:42][debug] openid：o4aQ2wB_Ngcz2WXOKhblF722zQY4

[2018-04-27 14:08:42][debug] unionid：otxZTwY78qtL6irYLYLPRKxwqrPo

[2018-04-27 14:22:26][debug] access_token：9_CvpJT67--BKy8Mi9EA_vjwgYxvwM42XwMETNvazYFDEyhZ7_wPwGgTHfTXGVI0YI5rp493R5vf35e1_lelpXQBlRK_lJAN1DjMpkfbTPmqU

[2018-04-27 14:22:26][debug] openid：o4aQ2wB_Ngcz2WXOKhblF722zQY4

[2018-04-27 14:22:26][debug] unionid：otxZTwY78qtL6irYLYLPRKxwqrPo

[2018-04-27 14:36:06][debug] access_token：9_WmJeLUipEjc_7kNkNsQvu0iszn0F7FDGmO_CuWWbT8DPbNoCitOapDktyaQfoimEIG0k6eTwBU-xc-yrq5K04bmkfNdcxHxINurjKnbrPdc

[2018-04-27 14:36:06][debug] openid：o4aQ2wB_Ngcz2WXOKhblF722zQY4

[2018-04-27 14:36:06][debug] unionid：otxZTwY78qtL6irYLYLPRKxwqrPo

[2018-04-27 14:48:08][debug] access_token：9_juxTGqaJKkqyTysTELBteWJJXJ8lIs4sg-QJ7Ori9NelGfTFn1jWhkDyFmiayJLx9iBF738M2e1QBdv3U2yTVaFPX8II-P4mP-_ToRSaY5Y

[2018-04-27 14:48:08][debug] openid：o4aQ2wB_Ngcz2WXOKhblF722zQY4

[2018-04-27 14:48:08][debug] unionid：otxZTwY78qtL6irYLYLPRKxwqrPo

[2018-04-27 14:50:53][debug] access_token：9_xsRW_BZc_wixNocSW6Petcv0LFdA7_vmCa4XEqHrbF3FiwihgpUtAk7E_DQEB-rrjKrUKsZpoNLiN0eXauFQMjMW3gGWf9h0h1ib0pKXMyo

[2018-04-27 14:50:53][debug] openid：o4aQ2wB_Ngcz2WXOKhblF722zQY4

[2018-04-27 14:50:53][debug] unionid：otxZTwY78qtL6irYLYLPRKxwqrPo

[2018-04-27 14:52:56][debug] access_token：9_MQOUr5ALl_XloQ1kFEk_0Gz0uzFMC1GJejrf9SiuzibTvSSevF0pjqFeVauqA8Ee-iOrn_xGKczg05wrrMDrMScjFH8wKUHOHzCO6lpi2s8

[2018-04-27 14:52:56][debug] openid：o4aQ2wB_Ngcz2WXOKhblF722zQY4

[2018-04-27 14:52:56][debug] unionid：otxZTwY78qtL6irYLYLPRKxwqrPo

[2018-04-27 14:54:11][debug] access_token：9_Ye22LWAv4reQ5nlpjHJK-BiSUPROkghVSWa4lZZ03qbXO5XQ97HT2me6oAF0bZBcHnJCaR6Iccnf3fLm-0J6trP7Til0ULrPHCa37stxkWk

[2018-04-27 14:54:11][debug] openid：o4aQ2wB_Ngcz2WXOKhblF722zQY4

[2018-04-27 14:54:11][debug] unionid：otxZTwY78qtL6irYLYLPRKxwqrPo

[2018-04-27 14:54:43][debug] access_token：9_pjAdGt4NoZklaVSst_7CqBhGkDUmKNvkDy_Xm0i07wA7RJosTt3U6HVR6uwq-i-JLaq8yaWJygu9akOxecuBJ8LavHbxs-FxBLnK1b2bAkk

[2018-04-27 14:54:43][debug] openid：o4aQ2wB_Ngcz2WXOKhblF722zQY4

[2018-04-27 14:54:43][debug] unionid：otxZTwY78qtL6irYLYLPRKxwqrPo

[2018-04-27 14:56:03][debug] access_token：9_I4ESTRIxlWE8uUUXzApLog2rG-P_wKmub8uGx8dmb_nVi584Dkaiw73RyyAdzHLZzV339thRXOE7g1FK248oIMN4cG5Fff2Du3kW65jQ0W0

[2018-04-27 14:56:03][debug] openid：o4aQ2wB_Ngcz2WXOKhblF722zQY4

[2018-04-27 14:56:03][debug] unionid：otxZTwY78qtL6irYLYLPRKxwqrPo

[2018-04-27 14:56:42][debug] access_token：9_pjAdGt4NoZklaVSst_7CqE-W9afmRsv7kktieBWoQMo7SqtefllI6TXeLp-b3ojHUrIHtZHDJTfaIjR8BIZc45a0gqs6rTQKPvxVmaOetkQ

[2018-04-27 14:56:42][debug] openid：o4aQ2wB_Ngcz2WXOKhblF722zQY4

[2018-04-27 14:56:42][debug] unionid：otxZTwY78qtL6irYLYLPRKxwqrPo

[2018-04-27 15:00:50][debug] access_token：9_OJg6jKsN3MTZpoLV679D4fugEwWJTo_pXObNhm6Na2C3FkXnT7Btl9liC1hHj8WY-1NW_j6OkX5EZsJu9XG1VhgXqjIS7DRX9Z8ME0xKy7o

[2018-04-27 15:00:50][debug] openid：o4aQ2wB_Ngcz2WXOKhblF722zQY4

[2018-04-27 15:00:50][debug] unionid：otxZTwY78qtL6irYLYLPRKxwqrPo

[2018-04-27 15:06:06][debug] access_token：9_WDS4tA6F8TbdplTMeP0veIVRRLMKtQr1kAelI5QY5_xfK5FGVMyQ5CWqZlHaKQG24fqSVeBZymwEMiq-WJO-mOEkm_XQFeAXy9tx7CKvpEE

[2018-04-27 15:06:06][debug] openid：o4aQ2wB_Ngcz2WXOKhblF722zQY4

[2018-04-27 15:06:06][debug] unionid：otxZTwY78qtL6irYLYLPRKxwqrPo

[2018-04-27 15:16:00][debug] access_token：9_M0elAk38QywF1osWaK9fv9_CI-Dl3zkQPHNjtp4iiUHpDynCC_JbZjXUciKvbRf0uifLDz4Ojv8NSJHZqrHtLvyA1oJELRkM--pFYD9VCZ0

[2018-04-27 15:16:00][debug] openid：o4aQ2wB_Ngcz2WXOKhblF722zQY4

[2018-04-27 15:16:00][debug] unionid：otxZTwY78qtL6irYLYLPRKxwqrPo

[2018-04-27 15:17:49][debug] access_token：9_hAWoSEVy3hC5KLGf354os-lokXR2Nk7RW3a7SrcwNnbo-wBVr-EayQRNqVQyM6gWMNiDG_ThbIypxt8xmBPpxXL_nEviFni5wKHxWFu-O84

[2018-04-27 15:17:49][debug] openid：o4aQ2wB_Ngcz2WXOKhblF722zQY4

[2018-04-27 15:17:49][debug] unionid：otxZTwY78qtL6irYLYLPRKxwqrPo

[2018-04-27 15:19:35][debug] access_token：9_uU22o2Dq8s0vi-as4m7VOE29gz4gQYgdH4UXK4k5NaI9AyRrhB4uZoi9daUzBcCr_wiNnOVCuga9B31UHLFNRxeyQ29NYKV3hy4sqK8v_UM

[2018-04-27 15:19:35][debug] openid：o4aQ2wB_Ngcz2WXOKhblF722zQY4

[2018-04-27 15:19:35][debug] unionid：otxZTwY78qtL6irYLYLPRKxwqrPo

[2018-04-27 15:23:30][debug] access_token：9_ufchnGBsMrMJy-b5otz27Sk3nG8GyNu8pevZJ9wMPQi44_EJojx95fx5ZunIEEqDCYqcbOZJhOmlUPT-ZPXILgkTAJxdrCO7cxf88pKcRG4

[2018-04-27 15:23:30][debug] openid：o4aQ2wB_Ngcz2WXOKhblF722zQY4

[2018-04-27 15:23:30][debug] unionid：otxZTwY78qtL6irYLYLPRKxwqrPo

[2018-04-27 15:27:43][debug] access_token：9_fWCpB7p0C633JEEQqvsGoIHZeh6pcbTz5C4KQN7s5COmjjzRO3PTtzpPoeBr6R7XnNc-WdtaA6OzZZh7fWo8zKGGsGonyUpXsv89pJE0D-A

[2018-04-27 15:27:43][debug] openid：o4aQ2wB_Ngcz2WXOKhblF722zQY4

[2018-04-27 15:27:43][debug] unionid：otxZTwY78qtL6irYLYLPRKxwqrPo

[2018-04-27 15:28:05][debug] access_token：9_Wf5Ptj9Il-qyjhMsVYHF3dx1swlefj7taMl1FmMBadZN2JSI_XKfethfbYGpIe-LXO_MJbZo1jGM3hvANP0_a5ZevID8YmauFyN8hPiM770

[2018-04-27 15:28:05][debug] openid：o4aQ2wB_Ngcz2WXOKhblF722zQY4

[2018-04-27 15:28:05][debug] unionid：otxZTwY78qtL6irYLYLPRKxwqrPo

[2018-04-27 15:30:33][debug] access_token：9_yYW1HhKDLLY0Dvc8KxU4w1FOrGHG-GVsrIzftGwqe58OmtksYuuRxR-ARKg7UsSZLXtoXFGLIsSQXnpq0hpYaEM0R5-AP8nAv1SnRDQcxmA

[2018-04-27 15:30:33][debug] openid：o4aQ2wB_Ngcz2WXOKhblF722zQY4

[2018-04-27 15:30:33][debug] unionid：otxZTwY78qtL6irYLYLPRKxwqrPo

[2018-04-27 15:31:14][debug] access_token：9_LXCXljMHtrZnwp5SKDxXlTAAqcjKspEMZZJSCZprtpB6Plj0HTUwIwpNH-oGTNur9TfiBwCcOS_pYLwZAJOsc6vQvHY6-y9mNkbi87iK6ws

[2018-04-27 15:31:14][debug] openid：o4aQ2wB_Ngcz2WXOKhblF722zQY4

[2018-04-27 15:31:14][debug] unionid：otxZTwY78qtL6irYLYLPRKxwqrPo

[2018-04-27 16:10:17][debug] access_token：9_xsRW_BZc_wixNocSW6PetRSIq2ivp4iq968URXsQjRqeb0RAqiB4outaYqikr28UsHaISJb2lc5GSxz39CxIGgxHXiOmLblPnFuLvGnB2YQ

[2018-04-27 16:10:17][debug] openid：o4aQ2wB_Ngcz2WXOKhblF722zQY4

[2018-04-27 16:10:17][debug] unionid：otxZTwY78qtL6irYLYLPRKxwqrPo

[2018-05-01 15:43:39][debug] access_token：9_qwBjfO6Hl_h1Fp6Rki92kkj798WUHXUqd51Lnsx3LHDwH2QDymn_agq_Cv66q4JamnRK-9fOLLC8PdPfCFLeJOCoYun7cCSwVsNoXM9JWPg

[2018-05-01 15:43:39][debug] openid：o4aQ2wNB6NJ1-GXjr5NcFDfZzlEM

[2018-05-01 15:43:39][debug] unionid：otxZTwURJ01ZTd5CI2MKBmBuUWYo

[2018-05-01 15:43:47][debug] access_token：9_ZJGKwPWZXzCfPlshhHPbhh0CgXukSliWYCbFBg31i18bKHImGZ6M10zAm2MR2ziLnh-e-R9WsnROKYokDyJsTQTwVYjBQwN7zc1P4iKm-io

[2018-05-01 15:43:47][debug] openid：o4aQ2wNB6NJ1-GXjr5NcFDfZzlEM

[2018-05-01 15:43:47][debug] unionid：otxZTwURJ01ZTd5CI2MKBmBuUWYo

[2018-05-01 15:44:29][debug] access_token：9_VLtK6yD_LnWBeHWlrFiwCsFcAaohJesdnHGKUQzK_PHIRoDI6eqy_hxIv5jWhNI9WyzAG_8P7Z4M-NyFy7GrVDgMCr-1MQrya4771yWARqU

[2018-05-01 15:44:29][debug] openid：o4aQ2wNB6NJ1-GXjr5NcFDfZzlEM

[2018-05-01 15:44:29][debug] unionid：otxZTwURJ01ZTd5CI2MKBmBuUWYo

[2018-05-02 09:25:35][debug] access_token：9_68Ogbg0C1UJ98_OKkl1P4IelI_tXgspwQwSRc0P4eXe1P4eC3o8Avr0MuugTxxKenKPdym_Xm9x_m3glea4jKNGrxd0Wu55w2HNp7A9ytSU

[2018-05-02 09:25:35][debug] openid：o4aQ2wB_Ngcz2WXOKhblF722zQY4

[2018-05-02 09:25:35][debug] unionid：otxZTwY78qtL6irYLYLPRKxwqrPo

[2018-05-02 10:02:07][debug] access_token：9_zT4PI9iFA7dyj5xUd1dosks6fOLWn5ehMSasETnAcaKv1QOY9PRCrDhKi_h2P_2CzSdlEwR-lJhYCtb9PstEE_4bMYg1_uPglEDTvyez7bc

[2018-05-02 10:02:07][debug] openid：o4aQ2wB_Ngcz2WXOKhblF722zQY4

[2018-05-02 10:02:07][debug] unionid：otxZTwY78qtL6irYLYLPRKxwqrPo

[2018-05-02 12:38:39][debug] access_token：9_ZiEA6kobPhn2E9gRzZWO97FFb6d_28orrN-YfQIwc5cl7jtBOjPe_LAFqJrGtnpzt639-GQGjFIn2Qr1ovg_ofVPWt4QxA2hgNHAhBddSOg

[2018-05-02 12:38:39][debug] openid：o4aQ2wB_Ngcz2WXOKhblF722zQY4

[2018-05-02 12:38:39][debug] unionid：otxZTwY78qtL6irYLYLPRKxwqrPo

[2018-05-02 13:33:58][debug] access_token：9_AaLWtZU0A4hwa8X18m7h63MopD6EKUCuvQ9jBfdsuw9Vuz_8XkU_PL2nGgqyZ3jyMbkJxjwuPWQBBvGKYJM3LxpGN8RXH47Fwkrld_7vk1w

[2018-05-02 13:33:58][debug] openid：o4aQ2wB_Ngcz2WXOKhblF722zQY4

[2018-05-02 13:33:58][debug] unionid：otxZTwY78qtL6irYLYLPRKxwqrPo

[2018-05-02 14:38:30][debug] access_token：9_5HFjpzPz10dl2_Bo0OTDgrxYBlLIV34aXXq6x-yOPgAqbmwAMMPZJ5mugSB-t3sex1DtQNKz03cQ-K0rspTaHQIE8b_gpL0oqVqsvkntiiE

[2018-05-02 14:38:30][debug] openid：o4aQ2wHtopFJ--BrsJ4LKhC2wbQo

[2018-05-02 14:38:30][debug] unionid：otxZTwXUlIfWxWOOWKo0Mn-6mSFU

[2018-05-02 15:32:15][debug] access_token：9_28VNTJrbxEYohmblJbU7KpwIZE3cCNJgfu1ghHJ6XKrnHhkP_Y-7sUotI8rLP6k5iSQ_yWJh0_M5zWF5gqmIpJxnBIWFtUxTkDX2JYupac8

[2018-05-02 15:32:15][debug] openid：o4aQ2wJkbHX_esZqR0XehBvstdIk

[2018-05-02 15:32:15][debug] unionid：otxZTweMKNc0RWCf-M-kvLp6Tgoc

[2018-05-02 15:58:15][debug] access_token：9_EcfJMisfLhKs1phpcvkPFckPLjHOMFdv19dZxVyygXk49geL7LNlfEZ0VBWWbE9_MipNIQZqhIyev7OFxPEwD2RG6MjzVdgHen7uzo8VTCE

[2018-05-02 15:58:15][debug] openid：o4aQ2wLjmqRKWF8DcP0wDiY8OlwQ

[2018-05-02 15:58:15][debug] unionid：otxZTwTPxdIrcc1jEnSnxZJr8570

[2018-05-02 16:17:58][debug] access_token：9_Uq2KJ8ar1ESknUFKKEdxPWnT6Oavmg18nLE1Iq925AjVusDOX-UlQgWfqVXopM7WJw6brCUmizH9KuHN63qu5TNqSZ3hbePYe7njvHoKN4o

[2018-05-02 16:17:58][debug] openid：o4aQ2wFSBZmylzwmZ_d6NQ-hKVnc

[2018-05-02 16:17:58][debug] unionid：otxZTwUnBqodCQLZ6-8Ni4tgeglU

[2018-05-02 16:19:36][debug] access_token：9_EoEdtd7oR43mhrXubu0eHQ288pAuo3sXz8IbV1dmdyblk4V7EGEPsr826svbb2dWy_u_q9KsXLWJlNvOGjyJbmiJV1n5w2D62zYzRJ9fFaQ

[2018-05-02 16:19:36][debug] openid：o4aQ2wOUBrCArCw-GwIXws8TFBiw

[2018-05-02 16:19:36][debug] unionid：otxZTwTbLyA2Ohu2HIMt8Cz3Cl8Y

[2018-05-02 16:48:09][debug] access_token：9_9Un2GQ5_z12KxtL9y1lJOo9OJAMr-59zm2Hds4Mx3z_CNyNEoDnjTDZvJk62nzR7hzQFOUru2JFCBvX2-NXhp_RXWfZxhGiB1RTcZVJCxtk

[2018-05-02 16:48:09][debug] openid：o4aQ2wKKo-N6IDR7xdRGE2BcOtW4

[2018-05-02 16:48:09][debug] unionid：otxZTwVa3h-5hzECUq7-Njm4zFT0

[2018-05-02 16:54:08][debug] access_token：9_8b6f5qgHUiJiHKjcDxNnlmH9xzulkBZPV7Ka76WRuBO8E6ty0fRDjpCMT1EF2E-g214hQSYGP11PJEKOA6ccsmcEKxA5nVeD16T44Qm3WWQ

[2018-05-02 16:54:08][debug] openid：o4aQ2wD0hWD_r2pudpvpO9ZTS8sg

[2018-05-02 16:54:08][debug] unionid：otxZTwWD8zKzKyrtSNW6WrU2XHr8

[2018-05-02 16:54:11][debug] access_token：9_e2Rz6z-DuEKT3Y_tKivBd7drmeD56Hw0EmNYXqwwXctFXpOT_hsSo8GGkHfvoc9qBoDHpg27qaryoubspxrLA6PZK4CtM8vH1ulUcRRyUek

[2018-05-02 16:54:11][debug] openid：o4aQ2wD0hWD_r2pudpvpO9ZTS8sg

[2018-05-02 16:54:11][debug] unionid：otxZTwWD8zKzKyrtSNW6WrU2XHr8

[2018-05-02 16:54:12][debug] access_token：9_AXf1HL0DmXTdqpG8zjGJ3IVVgZfutHLgLN7wjZ22C5x7WVc3PEDmOXEkNHswtRIn-el-M3dX8fjiTMn42aw9Za38CjavYVvtscsClPL6imA

[2018-05-02 16:54:12][debug] openid：o4aQ2wD0hWD_r2pudpvpO9ZTS8sg

[2018-05-02 16:54:12][debug] unionid：otxZTwWD8zKzKyrtSNW6WrU2XHr8

[2018-05-02 16:57:39][debug] access_token：9_S5Ip4C6Y9tJTeIfuHf1UFQcqwaNROrqIdF12hrxozGChdbu1ZA2Sg2PfAqDf55h5-S7C7sCC0WaIw-AbAPXJaeQcorXK9g3hlxd1vtXYDpQ

[2018-05-02 16:57:39][debug] openid：o4aQ2wD0hWD_r2pudpvpO9ZTS8sg

[2018-05-02 16:57:39][debug] unionid：otxZTwWD8zKzKyrtSNW6WrU2XHr8

[2018-05-03 11:41:50][debug] access_token：9_6VEfQjO3iUmAvFF5LyS_1eZuJ-2M2LOWFVhIQERSD24bwAC2Bn7xAhtKyvm5cd8msBqFTeCwYLGB8Y2uGmRK5BuqSm_MBLBharlMsdR2jLs

[2018-05-03 11:41:50][debug] openid：o4aQ2wOo9-gi2h6bhw473OfCwupc

[2018-05-03 11:41:50][debug] unionid：otxZTwTMwfmrYoD19IjzAHsELWJ0

[2018-05-03 11:51:54][debug] access_token：9_yKTy9PhKRMk_CGQXHKTMshy_x12aNmXnNVhmF-b1qnsAa_-rPTicz3lqORLOfC7SJVvS3VsAVNtlxgbblHvAL_fPKLkc8hVWK5ZIfZFRUKc

[2018-05-03 11:51:54][debug] openid：o4aQ2wOo9-gi2h6bhw473OfCwupc

[2018-05-03 11:51:54][debug] unionid：otxZTwTMwfmrYoD19IjzAHsELWJ0

[2018-05-03 16:22:04][debug] access_token：9_p3_wXc6IcCJF7MdInEONNgdVm-2yroj_wZwi-VLGY0lEEHmqouhTrwihf-xXRqd8QyQUfquDuMGCEos3QZF5SOk7-H10Mbnt82NNJSb7QOY

[2018-05-03 16:22:04][debug] openid：o4aQ2wD-6eQ7u653dPh11MLbEi6A

[2018-05-03 16:22:04][debug] unionid：otxZTwU3KCKqJbjJLPqoe7VUh3z4

[2018-05-03 16:29:42][debug] access_token：9_urhsHjz7WoLnQSwDPMGxlY2KzDm4z_0ESO8xF7eM0IKPuscLrgonC3_3LcYlEMez4dy9iMHQXihv6Ppbi9h0ptPrhbuh5FM_RCxcy9S00JY

[2018-05-03 16:29:42][debug] openid：o4aQ2wD-6eQ7u653dPh11MLbEi6A

[2018-05-03 16:29:42][debug] unionid：otxZTwU3KCKqJbjJLPqoe7VUh3z4

[2018-05-03 16:33:14][debug] access_token：9_Aaw806uuhxXJyhjhwj4N7kPPK_8XS-csG91ZN3Ec8hc-1bJmcXRAc1MY6FxHU4XxA7XxN30hZrslaFwbgXvdXeTb6pMxGwtgY-VRXLmHEcI

[2018-05-03 16:33:14][debug] openid：o4aQ2wD-6eQ7u653dPh11MLbEi6A

[2018-05-03 16:33:14][debug] unionid：otxZTwU3KCKqJbjJLPqoe7VUh3z4

[2018-05-03 16:36:00][debug] access_token：9_QwG2E2-p9QsTkf9AcYkeVucNic4WOtzXrGwnWxNM7nYLPTUirB0gMZvkbNN29rS3zQYcL1iv2SDgF-9tJBiAjn1oZroZKduqJegcG422JWQ

[2018-05-03 16:36:00][debug] openid：o4aQ2wD-6eQ7u653dPh11MLbEi6A

[2018-05-03 16:36:00][debug] unionid：otxZTwU3KCKqJbjJLPqoe7VUh3z4

[2018-05-03 16:36:52][debug] access_token：9_pfygCTVwVSEMlei7aCzbFmy9CfdqpE2Qr1lGJpyC9o4NPzWzL2My-CuI-5uK_i4ptT8kGRbLBnzECmShLbD6-5Pug5pUjlUypi_ZTCukBwI

[2018-05-03 16:36:52][debug] openid：o4aQ2wD-6eQ7u653dPh11MLbEi6A

[2018-05-03 16:36:52][debug] unionid：otxZTwU3KCKqJbjJLPqoe7VUh3z4

[2018-05-03 16:37:34][debug] access_token：9_wEy-wEaUn-dgTqrs6mMA9NctQ1iYsANgNQCIKoQr0jWQIjfQQ9c_pm8wkBQRtsAHJpcYJbN9wvDk_uqcNflc6-GURLwyhGNchIrRR3HUnAk

[2018-05-03 16:37:34][debug] openid：o4aQ2wD-6eQ7u653dPh11MLbEi6A

[2018-05-03 16:37:34][debug] unionid：otxZTwU3KCKqJbjJLPqoe7VUh3z4

[2018-05-03 16:40:03][debug] access_token：9_3r4mpC-BKApuADM5CZD8n-mMp8WGWF0xz2wsvTiuGrM6pueQGnhhTg_VEomg4QWUK7eT8enNxkEcjkEhAywrKoZdVO-eiA73yTGl_vfOGnE

[2018-05-03 16:40:03][debug] openid：o4aQ2wD-6eQ7u653dPh11MLbEi6A

[2018-05-03 16:40:03][debug] unionid：otxZTwU3KCKqJbjJLPqoe7VUh3z4

[2018-05-03 16:43:29][debug] access_token：9_WbbQa0PITFx6ktFtwqr-Bd6lYj4r8hH2QWCAhPMvrrb6lZ7eS6JoyEQtrWZ5PRjc71mMryftGOk5lMjgWPhcJ0tsCfuKfQORoNxMvvb6DXQ

[2018-05-03 16:43:29][debug] openid：o4aQ2wD-6eQ7u653dPh11MLbEi6A

[2018-05-03 16:43:29][debug] unionid：otxZTwU3KCKqJbjJLPqoe7VUh3z4

[2018-05-03 16:44:44][debug] access_token：9_D-mOAqDQoglSpyOWHbqC-uJW0jRdX0etZtQUmqLnkmx6uepUY9MmDArdTaOFQKGewXVf0eNyVE6P2Dg2KwJMehlgqxmX3cBsaXpY8NprY1w

[2018-05-03 16:44:44][debug] openid：o4aQ2wD-6eQ7u653dPh11MLbEi6A

[2018-05-03 16:44:44][debug] unionid：otxZTwU3KCKqJbjJLPqoe7VUh3z4

[2018-05-03 16:47:35][debug] access_token：9_iIrfWpjJLlaNYR2jcOnaGWVHu8wtepZ0rUVTI4bcExVynT8sJvHN_Kk-GLgCJOjsyjJlFO7hdpe0oU60u5LP-kWpjtIH31T4gdQa8KIJIU0

[2018-05-03 16:47:35][debug] openid：o4aQ2wD-6eQ7u653dPh11MLbEi6A

[2018-05-03 16:47:35][debug] unionid：otxZTwU3KCKqJbjJLPqoe7VUh3z4

[2018-05-03 16:56:11][debug] access_token：9_i2i7dDtFM1PH2NfL-ja8PvMFOkN8Wa5WvW6l1a3kBW-oMnOJPnqN5p_4CJK7h3w2K2eauXq3nYYlc761NlZKl_Os1W7hgrCr0qnosBa4Ahk

[2018-05-03 16:56:11][debug] openid：o4aQ2wD-6eQ7u653dPh11MLbEi6A

[2018-05-03 16:56:11][debug] unionid：otxZTwU3KCKqJbjJLPqoe7VUh3z4

[2018-05-03 16:57:03][debug] access_token：9_tF1pGOfNEkvCWBMx02P9FK-cnrHBvu415dWJpzd7sY3-06Y3SRiAl9ATLNLKVzVuoR1m99vpGf1uRA3tTFc5_BfKGZQiMipbmWFt_vIhiCo

[2018-05-03 16:57:03][debug] openid：o4aQ2wD-6eQ7u653dPh11MLbEi6A

[2018-05-03 16:57:03][debug] unionid：otxZTwU3KCKqJbjJLPqoe7VUh3z4

[2018-05-03 16:57:41][debug] access_token：9_sH8mM6CSlYILjqtRBCmKqTwzvi35g030kD53f3ko92t3lkbKbQp18urqixazQy8m9PSluT9E9WoL7loHc2XO3XS7ek-bX86z8Wh6Qi9o4YI

[2018-05-03 16:57:41][debug] openid：o4aQ2wD-6eQ7u653dPh11MLbEi6A

[2018-05-03 16:57:41][debug] unionid：otxZTwU3KCKqJbjJLPqoe7VUh3z4

[2018-05-03 16:58:29][debug] access_token：9_Nw71HFcUyvmck8Q1yNQcP5fDXi_tAJkfxaZr1jGcxeaTBCxGdOKghmrKxEZ4RccLxDf2nHgp9cnSWCLg4pWINH-_m1xYvA5OJ9PkSew6Lfs

[2018-05-03 16:58:29][debug] openid：o4aQ2wD-6eQ7u653dPh11MLbEi6A

[2018-05-03 16:58:29][debug] unionid：otxZTwU3KCKqJbjJLPqoe7VUh3z4

[2018-05-03 16:59:55][debug] access_token：9_Htp9HoICTqyOe1lvvsH2AY9HYfb62Pz_BfPNeCj1jk1Oggll-TK9QsGPeXGUfzLSq16mvRs9IZIIp0pFi66CaPTF0KXGR051COFKKNabS-0

[2018-05-03 16:59:55][debug] openid：o4aQ2wD-6eQ7u653dPh11MLbEi6A

[2018-05-03 16:59:55][debug] unionid：otxZTwU3KCKqJbjJLPqoe7VUh3z4

[2018-05-03 17:01:57][debug] access_token：9_Tw_tPzG631TSr2L-cPC20uzsHh1Ns-dvE8L7Z6OY4bFRe3hpNHuumg4EOkh2YzQZq298lvSfhrYO0wF0l09ASTqgMRvKpDSbXS9j1aQ6u30

[2018-05-03 17:01:57][debug] openid：o4aQ2wD-6eQ7u653dPh11MLbEi6A

[2018-05-03 17:01:57][debug] unionid：otxZTwU3KCKqJbjJLPqoe7VUh3z4

[2018-05-03 17:02:52][debug] access_token：9_vM5jeGT4fBIHwCjsKw-Irrz6zMyOpA-5lr2FphLupO89SKiWOsRONWTTkYImj8v5VydmECVmVAYSIQl8K7nQSyCW1YJxXs53c1BQvDiNURg

[2018-05-03 17:02:52][debug] openid：o4aQ2wD-6eQ7u653dPh11MLbEi6A

[2018-05-03 17:02:52][debug] unionid：otxZTwU3KCKqJbjJLPqoe7VUh3z4

[2018-05-03 17:04:47][debug] access_token：9_p3_wXc6IcCJF7MdInEONNiiciXFE6B8yKh4NLY1_BMtWfHrPceiyTex72A0j37SIR0JU8eZzq4rBRsPiF9lixZFpSfb0U1FvlA5ZFPJ1EQo

[2018-05-03 17:04:47][debug] openid：o4aQ2wD-6eQ7u653dPh11MLbEi6A

[2018-05-03 17:04:47][debug] unionid：otxZTwU3KCKqJbjJLPqoe7VUh3z4

[2018-05-03 17:04:56][debug] access_token：9_gsMvwsu9uJcTKQVWZLMcDpiIYYRPLp4k3ISKpk0ROSVPbQf7jmIlITLjxSN9iJmNe8POU4VhWw-9gsw1ff6UxwZE9KJ33biJYLjpYr_9k_E

[2018-05-03 17:04:56][debug] openid：o4aQ2wD-6eQ7u653dPh11MLbEi6A

[2018-05-03 17:04:56][debug] unionid：otxZTwU3KCKqJbjJLPqoe7VUh3z4

[2018-05-03 17:05:18][debug] access_token：9_oCXCOUVZ95VGwYX7yLDESAwO1h_BsKu5x2xVEiaIlQekic2lb7Ep17Y2U-0C6RpzKlSjLi4NibxXaIiyXKfdhfKsakjW10sNihZk7Cp-3U8

[2018-05-03 17:05:18][debug] openid：o4aQ2wD-6eQ7u653dPh11MLbEi6A

[2018-05-03 17:05:18][debug] unionid：otxZTwU3KCKqJbjJLPqoe7VUh3z4

[2018-05-03 17:05:42][debug] access_token：9_gu85yZ4HX609OjaKR3w3aEKuZUpYctItfbapFN7L4b3piLjN36fyiBzHWgL2P38rYVoJrYK3Yxov85FjjWhCo6Zac1jLFvJoWOjDacnDZzo

[2018-05-03 17:05:42][debug] openid：o4aQ2wD-6eQ7u653dPh11MLbEi6A

[2018-05-03 17:05:42][debug] unionid：otxZTwU3KCKqJbjJLPqoe7VUh3z4

[2018-05-03 17:06:22][debug] access_token：9_0LIrb4ueWHm9zMekKhmyS5oWi19ijM0bOyt19__7nIzFchFKEmM_gmJL2ljo1k80My4lh07EEccXeiG1FmxNht3cJvN8Ny7r4gOTwWd3uLU

[2018-05-03 17:06:22][debug] openid：o4aQ2wD-6eQ7u653dPh11MLbEi6A

[2018-05-03 17:06:22][debug] unionid：otxZTwU3KCKqJbjJLPqoe7VUh3z4

[2018-05-03 17:06:48][debug] access_token：9_iIrfWpjJLlaNYR2jcOnaGXOTa7tDzplfDBpbNR03F8sSvhj4lCAzHDU1N_Sa2G1vEo1Xd7CbxsgifKRhdrMT9NNIyVHpVRjLe_KAj1LTS9Y

[2018-05-03 17:06:48][debug] openid：o4aQ2wD-6eQ7u653dPh11MLbEi6A

[2018-05-03 17:06:48][debug] unionid：otxZTwU3KCKqJbjJLPqoe7VUh3z4

[2018-05-03 17:11:30][debug] access_token：9_4OOyApp6D_7t5VGvxulZIu6O5jxvJrbwHHnSze69nxcS4aPU1G16Ssw9cMaiEK8W66e_rFBvFUwpZL0E-pPI2U77u8TS4n3oxn519H8-PM0

[2018-05-03 17:11:30][debug] openid：o4aQ2wD-6eQ7u653dPh11MLbEi6A

[2018-05-03 17:11:30][debug] unionid：otxZTwU3KCKqJbjJLPqoe7VUh3z4

[2018-05-03 17:12:48][debug] access_token：9_t5eQH5Y7NlJ5i5P2jHbxH3ICI0-65GDJYOMgY9hnX9n3JlrKEay6iJEKi1lMP-m3soJfPw5SwS8J7wvS6M_a49Ga7NRzGaMelvDvlGzFbQQ

[2018-05-03 17:12:48][debug] openid：o4aQ2wD-6eQ7u653dPh11MLbEi6A

[2018-05-03 17:12:48][debug] unionid：otxZTwU3KCKqJbjJLPqoe7VUh3z4

[2018-05-03 17:13:13][debug] access_token：9_u9qPEPWyidJRuaa3uqGQFcGlOVoYKnyfWx-nuaYWEyyHI0el2Un2bxn5_XsDmE2xye-UjrrZNMeYnMOSb8t8Q2zGfKzmDkxyR1hPK9pzNn0

[2018-05-03 17:13:13][debug] openid：o4aQ2wD-6eQ7u653dPh11MLbEi6A

[2018-05-03 17:13:13][debug] unionid：otxZTwU3KCKqJbjJLPqoe7VUh3z4

[2018-05-03 17:14:23][debug] access_token：9_Eb6-ymVqiMYwOi5S1Mtlsj_hMnLOfPg0OKuzGBqQbshH5xBEF4yOHsJnaDPMJHmscduXXfXP83nEuIxruhwjBgt-7AGUHaVaP8VL-3-uWow

[2018-05-03 17:14:23][debug] openid：o4aQ2wD-6eQ7u653dPh11MLbEi6A

[2018-05-03 17:14:23][debug] unionid：otxZTwU3KCKqJbjJLPqoe7VUh3z4

[2018-05-03 17:15:31][debug] access_token：9_05GLDbdCvDELq8hHrgGxOULJ9qvb0nNYW-BZr5xx-UGiEsHTVCtwqQgBGWsgXYm6YD6dC7mD3o6qgk-KisFmspvNk6pS0UCIbETSEfl-j44

[2018-05-03 17:15:31][debug] openid：o4aQ2wD-6eQ7u653dPh11MLbEi6A

[2018-05-03 17:15:31][debug] unionid：otxZTwU3KCKqJbjJLPqoe7VUh3z4

[2018-05-03 17:19:42][debug] access_token：9_BdQz5pZ_D3BQVUAEAfmJp9GhgDW0nwS4rcQkpJxR9c5WsDdIGwrIWIUm5xYzCxMlRAqjBYZvrbfS2nRSIPvjkej8GpeQ15NxQt-64YLRXXk

[2018-05-03 17:19:42][debug] openid：o4aQ2wD-6eQ7u653dPh11MLbEi6A

[2018-05-03 17:19:42][debug] unionid：otxZTwU3KCKqJbjJLPqoe7VUh3z4

[2018-05-03 17:20:43][debug] access_token：9_jactuBrdOlHiMWExrJaey_p7-Y1uqwLLE_XfZqc8DLTx66Ak1R8-WHYLkFIqC0q7bsPG1YfJqe6kZ44NQNFfOWSCE6P_2yNrMuO_xW73k0A

[2018-05-03 17:20:43][debug] openid：o4aQ2wD-6eQ7u653dPh11MLbEi6A

[2018-05-03 17:20:43][debug] unionid：otxZTwU3KCKqJbjJLPqoe7VUh3z4

[2018-05-03 17:21:31][debug] access_token：9_vWc7GhOmj_hpsUPmpeCBPeK9HSRMC8_3N8XkQTuY3t3WFmcQqTImP4FuLkHqPRC5JbfgFmPmmL3gcKV00vLsePJra2ryUZwPoYtEcZrSd9A

[2018-05-03 17:21:31][debug] openid：o4aQ2wD-6eQ7u653dPh11MLbEi6A

[2018-05-03 17:21:31][debug] unionid：otxZTwU3KCKqJbjJLPqoe7VUh3z4

[2018-05-03 17:25:43][debug] access_token：9_i2V5KP7x3_jPzVw0UezVkqLLDLbCcJOpNYsKH0XC00NhslHhm53eisyxJW_hkMULWFHNuCgSMXT7o2Zd75wSi6xBfrwz8SfkiJLPxJrdjv0

[2018-05-03 17:25:43][debug] openid：o4aQ2wD-6eQ7u653dPh11MLbEi6A

[2018-05-03 17:25:43][debug] unionid：otxZTwU3KCKqJbjJLPqoe7VUh3z4

[2018-05-03 17:28:37][debug] access_token：9_oCXCOUVZ95VGwYX7yLDESEzuU6ofDPMpTs9tMH1Td5NWlRP9JqQAhDBfEwCY1c10ZK20UaLQAUG67kIbvgQPBLhJ7q0AcWlxiiJTVL_aMGs

[2018-05-03 17:28:37][debug] openid：o4aQ2wD-6eQ7u653dPh11MLbEi6A

[2018-05-03 17:28:37][debug] unionid：otxZTwU3KCKqJbjJLPqoe7VUh3z4

[2018-05-03 17:33:00][debug] access_token：9_FNQiaSkqa4PwFWadmBjXrYYcycX8a1Y7Z7KxzGD6ID3ZhQzEK3xHUSn9i9efpm94VvrLfvLZnT9R61unXLhJ5Zs2p00ZSzvkes8btDdSVDQ

[2018-05-03 17:33:00][debug] openid：o4aQ2wD-6eQ7u653dPh11MLbEi6A

[2018-05-03 17:33:00][debug] unionid：otxZTwU3KCKqJbjJLPqoe7VUh3z4

[2018-05-03 17:35:50][debug] access_token：9_2evepgn5356-gMXiX3x6MhyZ3w7aBVuymsR-uupD2xnzvVWeCEhzLapw91s1LmS1oxiJH88QJJ2rxaHkSDcYr6ZvVh7TBXDSebP-CTtY_kE

[2018-05-03 17:35:50][debug] openid：o4aQ2wD-6eQ7u653dPh11MLbEi6A

[2018-05-03 17:35:50][debug] unionid：otxZTwU3KCKqJbjJLPqoe7VUh3z4

[2018-05-03 17:37:22][debug] access_token：9_mYKE3bxbwQzAhpTcW-s7i7T5Dli54OQgCmJR1YvR9mbSsf6fy9RhQIrOqcc1YFXMN5itft0YQPdM1GgyQHW6-cG7vBu0JQGCLV6q4Oj-5wY

[2018-05-03 17:37:22][debug] openid：o4aQ2wD-6eQ7u653dPh11MLbEi6A

[2018-05-03 17:37:22][debug] unionid：otxZTwU3KCKqJbjJLPqoe7VUh3z4

[2018-05-03 17:37:39][debug] access_token：9_Ehc3IbWP8cnAxm2sRNBUivJ5hrYbsv7lHd1bsffu_dMSpNHAeMUKujRibKPhMxcXDtDdem3GVSAAvGFB3aqQPa86tgDeKWR5fIuAeO2RnWQ

[2018-05-03 17:37:39][debug] openid：o4aQ2wD-6eQ7u653dPh11MLbEi6A

[2018-05-03 17:37:39][debug] unionid：otxZTwU3KCKqJbjJLPqoe7VUh3z4

[2018-05-03 17:38:07][debug] access_token：9_iIrfWpjJLlaNYR2jcOnaGaBHLOcSvNSJ612dXn0jJ_F48BijwGlAMdUPcZMvMtMpDbQQu05ul213dyeU06PK29IULnLNSGUhv2wKxPd-oUI

[2018-05-03 17:38:07][debug] openid：o4aQ2wD-6eQ7u653dPh11MLbEi6A

[2018-05-03 17:38:07][debug] unionid：otxZTwU3KCKqJbjJLPqoe7VUh3z4

[2018-05-03 17:38:36][debug] access_token：9_vWc7GhOmj_hpsUPmpeCBPeVGdKqG0VYhUAgD_MNbxOze5QoV32rqq1Ls1AnbV1JnsTIatz7zLYeN3y9fIxYHbT5LuZgdDXVa2CrCN_dwAyA

[2018-05-03 17:38:36][debug] openid：o4aQ2wD-6eQ7u653dPh11MLbEi6A

[2018-05-03 17:38:36][debug] unionid：otxZTwU3KCKqJbjJLPqoe7VUh3z4

[2018-05-03 17:38:52][debug] access_token：9_tF1pGOfNEkvCWBMx02P9FBRBTuOMBy35mcFmyzQoIhz3oV-4j05M_p2vNi92P0n8du_9f4ExrEx8SyI6Z9VpV_tE0zpLCYOlr-FD6TDS_D0

[2018-05-03 17:38:52][debug] openid：o4aQ2wD-6eQ7u653dPh11MLbEi6A

[2018-05-03 17:38:52][debug] unionid：otxZTwU3KCKqJbjJLPqoe7VUh3z4

[2018-05-03 17:43:09][debug] access_token：9_hTvgiB7pEvGoqP42QSeOGO8Ngnm3GIk_w4tCiu3y_YHAioOhaLmllNj6KeNpc55YaMSAJU0UETZsJgirNM6hmfUJ0zmYCfWFlI9obKq1AkU

[2018-05-03 17:43:09][debug] openid：o4aQ2wD-6eQ7u653dPh11MLbEi6A

[2018-05-03 17:43:09][debug] unionid：otxZTwU3KCKqJbjJLPqoe7VUh3z4

[2018-05-03 17:43:25][debug] access_token：9_27dkApSQU9gyqmpd9GFqABI0TgDvZjMXpBi_Y4MYNcEecGeRIVb2OuI1tbQpY8A4b5QPnQJguDJBqejmI3lBY0x7rOaTS-vRHvRRAejCyVg

[2018-05-03 17:43:25][debug] openid：o4aQ2wD-6eQ7u653dPh11MLbEi6A

[2018-05-03 17:43:25][debug] unionid：otxZTwU3KCKqJbjJLPqoe7VUh3z4

[2018-05-03 17:43:43][debug] access_token：9_Ehc3IbWP8cnAxm2sRNBUioNHqCD0ninba3siSfy2Dmxkr9aKmHCIDpo9US3pDxp3TxqyMZos_pqzGswb8yksMxhcXYqJFciinbo-mnFPrBw

[2018-05-03 17:43:43][debug] openid：o4aQ2wD-6eQ7u653dPh11MLbEi6A

[2018-05-03 17:43:43][debug] unionid：otxZTwU3KCKqJbjJLPqoe7VUh3z4

[2018-05-03 17:43:54][debug] access_token：9_TXCRCxBtBmtYjrG32T8sgbZBLVJ15RxWxxVexsTRBfmnTslIwB3kt6YtbxR9rm7eUezMw8J_MJSBW4jt7yQtoUXNCHdaAG3k1-JnI95SPhM

[2018-05-03 17:43:54][debug] openid：o4aQ2wD-6eQ7u653dPh11MLbEi6A

[2018-05-03 17:43:54][debug] unionid：otxZTwU3KCKqJbjJLPqoe7VUh3z4

[2018-05-03 17:44:03][debug] access_token：9_kwVto9oAjag4FiQCp17A8-1v1X71aFcHa-MGAKvedd4xRqN2F2pphjZmhbP6vMExJSGwSTXIjR3d8b40dxsiHus0QAfldrRU5yn9DG-rIn0

[2018-05-03 17:44:03][debug] openid：o4aQ2wD-6eQ7u653dPh11MLbEi6A

[2018-05-03 17:44:03][debug] unionid：otxZTwU3KCKqJbjJLPqoe7VUh3z4

[2018-05-03 17:44:15][debug] access_token：9_rB_yDRIjgc3YQQpS4aohoGsnfznSYcGVT4PV9fHXgxUt2C6p2UKNbnH3p8W7n8IxzMunnM_SEKCczWOZgBrIP0MNr-zkOxDakilmjMtFK8I

[2018-05-03 17:44:15][debug] openid：o4aQ2wD-6eQ7u653dPh11MLbEi6A

[2018-05-03 17:44:15][debug] unionid：otxZTwU3KCKqJbjJLPqoe7VUh3z4

[2018-05-03 17:44:24][debug] access_token：9_1-DiTMUaPOr2BNXL2-o6H1daIZkYPatb6K1Y_ccG2rskRyCpV4glmpB1MAPZVDS8NsAFDg_UZ42AtjEO5SiD85uXeeFd-f9-2iCd21ehzds

[2018-05-03 17:44:24][debug] openid：o4aQ2wD-6eQ7u653dPh11MLbEi6A

[2018-05-03 17:44:24][debug] unionid：otxZTwU3KCKqJbjJLPqoe7VUh3z4

[2018-05-03 17:47:22][debug] access_token：9_Ih9FU9rfBkPOfZGbRcl4Shc_4eBl7IiOwEymUzUKWc0E2biepRtt-rb_s8BhbdzTwHqL6uOJG-Dte5Y0mIl1aBmfBj9LlzHBC76QJ4x3nDo

[2018-05-03 17:47:22][debug] openid：o4aQ2wD-6eQ7u653dPh11MLbEi6A

[2018-05-03 17:47:22][debug] unionid：otxZTwU3KCKqJbjJLPqoe7VUh3z4

[2018-05-03 17:48:28][debug] access_token：9_NuXdYA-ajswL7EDSagZaBEY5LhE2yjMxi4XE7PfjNeSAtxFE1qvDAOwOXEY7oAjgW8ERuV-cCi3aRdhvfZbdJ3dPTZMlJRcDdkPMHMvVgz4

[2018-05-03 17:48:28][debug] openid：o4aQ2wD-6eQ7u653dPh11MLbEi6A

[2018-05-03 17:48:28][debug] unionid：otxZTwU3KCKqJbjJLPqoe7VUh3z4

[2018-05-03 17:48:47][debug] access_token：9_ls-ola1bEEoNOIB3hqNDOS_7rnqEMnYK3xG-lK-vU0KJswq4_kD0rfWxtvOClGorfYgk_9PFoDT7vnailoxjPINnMdEAjqUdxdKIYr-aXZ0

[2018-05-03 17:48:47][debug] openid：o4aQ2wD-6eQ7u653dPh11MLbEi6A

[2018-05-03 17:48:47][debug] unionid：otxZTwU3KCKqJbjJLPqoe7VUh3z4

[2018-05-03 17:51:01][debug] access_token：9_XgW0abdCRprn7HCETvDMitzMZIBcyM4T_orvvFKNW-IMljY689RHo6_KEwI93MK6Qsn0ff2ikulNheW0y9kC8sVyaDXu_mYeZUate99m55U

[2018-05-03 17:51:01][debug] openid：o4aQ2wD-6eQ7u653dPh11MLbEi6A

[2018-05-03 17:51:01][debug] unionid：otxZTwU3KCKqJbjJLPqoe7VUh3z4

[2018-05-03 17:52:26][debug] access_token：9_5dKchSfYboG_dcfRIV94kJTNEF4qEtknBXbQ59nyFJCo5trzbRbOLI2ZeFnY7RqC6uwhtpPsEBOQrpEGaHW15EV-0m6XpBSDG1_SeJRHmn8

[2018-05-03 17:52:26][debug] openid：o4aQ2wD-6eQ7u653dPh11MLbEi6A

[2018-05-03 17:52:26][debug] unionid：otxZTwU3KCKqJbjJLPqoe7VUh3z4

[2018-05-03 17:52:39][debug] access_token：9_Ih9FU9rfBkPOfZGbRcl4SvafsMCZlmtxAPZBNrVk3Ma8e5cOcop9ezXAMdpMZMMLvs-v3N4ChxAv-Lu6_q5mhVKsxX697OiMP-8S7iRGjHQ

[2018-05-03 17:52:39][debug] openid：o4aQ2wD-6eQ7u653dPh11MLbEi6A

[2018-05-03 17:52:39][debug] unionid：otxZTwU3KCKqJbjJLPqoe7VUh3z4

[2018-05-03 17:52:52][debug] access_token：9_YzY9pLynG0nVW3gTZ3f2HVqba1m8TuaMbVZfXSQ-LBpAkB0OKcFC5B4K4MC_kgOkddCQWGJ5nzE5vRvjNsleSUhArAeO2rlHZaS_D11hmQE

[2018-05-03 17:52:52][debug] openid：o4aQ2wD-6eQ7u653dPh11MLbEi6A

[2018-05-03 17:52:52][debug] unionid：otxZTwU3KCKqJbjJLPqoe7VUh3z4

[2018-05-03 17:52:59][debug] access_token：9_z1JOzPTcpypABqKTjXJLJSp0crVpmZLoyOxC-9jPJtUjSbbA9lSD5kZ3aEBP9U-Fx5gM27e58VYePp4RpLoVS0tT7PMv-9PpcvlSK1aMRgw

[2018-05-03 17:52:59][debug] openid：o4aQ2wD-6eQ7u653dPh11MLbEi6A

[2018-05-03 17:52:59][debug] unionid：otxZTwU3KCKqJbjJLPqoe7VUh3z4

[2018-05-03 17:55:29][debug] access_token：9_vqnlXcHXBvLNFazeiQY1xgYNaXWjeUxkWrH_naNx_QjjPSkG0bOQxfACEi6Ss1iqm8XkFRfPTUNp-ipyi8ii7IBIEnq3lA3vg8MGaxKR0KQ

[2018-05-03 17:55:29][debug] openid：o4aQ2wD-6eQ7u653dPh11MLbEi6A

[2018-05-03 17:55:29][debug] unionid：otxZTwU3KCKqJbjJLPqoe7VUh3z4

[2018-05-03 17:56:17][debug] access_token：9_gsMvwsu9uJcTKQVWZLMcDtPoaX8i7bZtuwyT4oZnwrSuf2IUJb6hg2UaPwDXoZciPhX9tx_pRm_GUSyT2dgGLnT3sMn2-R34EB3jSwOWxbs

[2018-05-03 17:56:17][debug] openid：o4aQ2wD-6eQ7u653dPh11MLbEi6A

[2018-05-03 17:56:17][debug] unionid：otxZTwU3KCKqJbjJLPqoe7VUh3z4

[2018-05-03 17:56:26][debug] access_token：9_CnA6fqxxHUNezPOYTQu7HGKvr945-6eKrJKk0K6DsIDKKZjex5Uu60s6z8DU4_jNwwvjWh8R0BGGd-BXHAtjcoDOxw6y2ex0yFc0j1Bf1wA

[2018-05-03 17:56:26][debug] openid：o4aQ2wD-6eQ7u653dPh11MLbEi6A

[2018-05-03 17:56:26][debug] unionid：otxZTwU3KCKqJbjJLPqoe7VUh3z4

[2018-05-03 17:56:29][debug] access_token：9_ls-ola1bEEoNOIB3hqNDOakMmnrAdXVQ9p_27AeEWwMXdDs_R0j6HnxuL_2cfh7Nyv_rnWVQqmn5kXr73Xzk5aGNDEuCg-6lGxpwZxt-i8w

[2018-05-03 17:56:29][debug] openid：o4aQ2wD-6eQ7u653dPh11MLbEi6A

[2018-05-03 17:56:29][debug] unionid：otxZTwU3KCKqJbjJLPqoe7VUh3z4

[2018-05-03 18:04:18][debug] access_token：9_T7FaY5NglUF4YKqYTHq5xmD_kX99KsIU6K9BwEfADBl_Utru2Gi4xMIzWRQZ5fB1bre4hpfJwgpos6pMucav4dVuWcJCpGKpcIzQ8AWVdfU

[2018-05-03 18:04:18][debug] openid：o4aQ2wD-6eQ7u653dPh11MLbEi6A

[2018-05-03 18:04:18][debug] unionid：otxZTwU3KCKqJbjJLPqoe7VUh3z4

[2018-05-03 18:04:46][debug] access_token：9_xC0LY2eoPVGaQIESmQifx2Kj0dmi4tJzj2UkfDj8UlzkZOk6OE9TTjqOhiXD7fwtetPmJZ5yUD4sNshVnEkIlPb8D_mS4q6Z6-W64K4NJdg

[2018-05-03 18:04:46][debug] openid：o4aQ2wD-6eQ7u653dPh11MLbEi6A

[2018-05-03 18:04:46][debug] unionid：otxZTwU3KCKqJbjJLPqoe7VUh3z4

[2018-05-03 18:05:40][debug] access_token：9_i2V5KP7x3_jPzVw0UezVkkr7n7Cz2pDyKOFbzMzWbuqy9Al3pDhWq-keEqYWC5eHn5zCDXEMrx_WMSzmyuwe3QrNnMLFF04ql-gAiE6eztk

[2018-05-03 18:05:40][debug] openid：o4aQ2wD-6eQ7u653dPh11MLbEi6A

[2018-05-03 18:05:40][debug] unionid：otxZTwU3KCKqJbjJLPqoe7VUh3z4

[2018-05-03 18:17:34][debug] access_token：9_NuXdYA-ajswL7EDSagZaBOABqZDaw5eDNAMx2m4qf4mbrydqP7y6ynYqO9qisn3n0kJ944q7ALz7fn1Ox3l5hctwX17Rb6IGGaiWvsiOv6w

[2018-05-03 18:17:34][debug] openid：o4aQ2wD-6eQ7u653dPh11MLbEi6A

[2018-05-03 18:17:34][debug] unionid：otxZTwU3KCKqJbjJLPqoe7VUh3z4

[2018-05-03 18:20:29][debug] access_token：9_iPhVQuWbRwyzeOiIpxRhISmAQKv1VOlbyzYdRn3ISHZ8vKu1tJTJyoRWqsOwFFMOhNQP9GkhbbyoRdfOxsGM6LJ7jdSIZMtPxzzK0McR6eI

[2018-05-03 18:20:29][debug] openid：o4aQ2wD-6eQ7u653dPh11MLbEi6A

[2018-05-03 18:20:29][debug] unionid：otxZTwU3KCKqJbjJLPqoe7VUh3z4

[2018-05-03 18:22:55][debug] access_token：9_pIjVYLIfTIqutRA7e_vDKCGNLXm28JjYMnao5E4Tvm5fDbn8nzl9n8IQ42ydORlmxgtarz0rmPkRG5DmVaZvxaGfXmUxE8GNxIzlDXrK6fU

[2018-05-03 18:22:55][debug] openid：o4aQ2wD-6eQ7u653dPh11MLbEi6A

[2018-05-03 18:22:55][debug] unionid：otxZTwU3KCKqJbjJLPqoe7VUh3z4

[2018-05-03 18:23:24][debug] access_token：9_DGV4jK1RsmVgcGdkkWXh3gbKJputng1-9IV-uXKrhAx8i2dyYPIxacfJOGUGnb1q6W-8Ccyy8Leixu2uBq6-rQte5HynO0VNLm2dmUQk3c4

[2018-05-03 18:23:24][debug] openid：o4aQ2wD-6eQ7u653dPh11MLbEi6A

[2018-05-03 18:23:24][debug] unionid：otxZTwU3KCKqJbjJLPqoe7VUh3z4

[2018-05-03 18:24:19][debug] access_token：9_wEy-wEaUn-dgTqrs6mMA9Io-Z4UWuv2azgqp7JDBgLRNUI1i6s_XdO7iiAfrh2_VIAO6HMZdfJTtR5zcVNtwM0867ODy7_0v3FwvCrH3eZ0

[2018-05-03 18:24:19][debug] openid：o4aQ2wD-6eQ7u653dPh11MLbEi6A

[2018-05-03 18:24:19][debug] unionid：otxZTwU3KCKqJbjJLPqoe7VUh3z4

[2018-05-03 18:26:27][debug] access_token：9_YzY9pLynG0nVW3gTZ3f2HR6bRXYZMy0i3kHTz8JVXNkdcZj2wXrv8aj97595lkMJkOB2ubK92XAr1IrHdLICPUO85o2u_r732T9vu9bW5h4

[2018-05-03 18:26:27][debug] openid：o4aQ2wD-6eQ7u653dPh11MLbEi6A

[2018-05-03 18:26:27][debug] unionid：otxZTwU3KCKqJbjJLPqoe7VUh3z4

[2018-05-03 18:28:17][debug] access_token：9_-lghnYO14ohxgHBocc1t8e5iYFrSMjPJJ3KZEfnRVYmrlkfCP6ECk2eS_bkwfSAiKiXKEZnHywuZY-ysOVHOnNb5zM7gNOLw6ocFmxKU79Q

[2018-05-03 18:28:17][debug] openid：o4aQ2wD-6eQ7u653dPh11MLbEi6A

[2018-05-03 18:28:17][debug] unionid：otxZTwU3KCKqJbjJLPqoe7VUh3z4

[2018-05-03 18:29:56][debug] access_token：9_urhsHjz7WoLnQSwDPMGxlbCg_2FlDsGB1_wq2AGABrNkzhMGLllvsOLMw1oZl_phB-JLis6VhF3q0K6v7nh8Qu4E31my8omwTpv_jQKJCOo

[2018-05-03 18:29:56][debug] openid：o4aQ2wD-6eQ7u653dPh11MLbEi6A

[2018-05-03 18:29:56][debug] unionid：otxZTwU3KCKqJbjJLPqoe7VUh3z4

[2018-05-03 18:30:32][debug] access_token：9_L8VasOVURWnSi0YVvuRlBb1923SrUi-I6Epq45QymzFcS83UMB2RJoIWxoVnWi0UrRshoKMKps4FyOeN2ZlXByrqJPxHhTuCV1P9nQfeVqI

[2018-05-03 18:30:32][debug] openid：o4aQ2wD-6eQ7u653dPh11MLbEi6A

[2018-05-03 18:30:32][debug] unionid：otxZTwU3KCKqJbjJLPqoe7VUh3z4

[2018-05-03 18:31:27][debug] access_token：9_DyrnGNwqQ1-X8opt5h1NCgiv9My7-rzjIRCqFa4s-zOXy8AOuaw4z0J0wNbmQQ7W1b1P6yM8Y5Dnbd3qnrr78M282swhgG4W1eGYsIBIeTE

[2018-05-03 18:31:27][debug] openid：o4aQ2wD-6eQ7u653dPh11MLbEi6A

[2018-05-03 18:31:27][debug] unionid：otxZTwU3KCKqJbjJLPqoe7VUh3z4

[2018-05-03 18:32:14][debug] access_token：9_71WIYsb3dgsR0Lw2--dwufFIrBfcW9TgscqVPt7LGFbIuGkMsyPXLhcr2Lk5tjVX3D6IIjhphrPPAIIJfW9AhDKk0RHLHYEqTkMpmUB6eRg

[2018-05-03 18:32:14][debug] openid：o4aQ2wD-6eQ7u653dPh11MLbEi6A

[2018-05-03 18:32:14][debug] unionid：otxZTwU3KCKqJbjJLPqoe7VUh3z4

[2018-05-03 18:33:02][debug] access_token：9_Jtg8yRmtCbG3QPwi1UZ4mmyE6IXfJhJjA1_GWfYcdnf0diM07STSo_vxJ2IN7rzlNcsrrvmfoAE-Y1UWYRjo0s36jIoBdmQiQ1ct0OzfMyI

[2018-05-03 18:33:02][debug] openid：o4aQ2wD-6eQ7u653dPh11MLbEi6A

[2018-05-03 18:33:02][debug] unionid：otxZTwU3KCKqJbjJLPqoe7VUh3z4

[2018-05-03 20:02:30][debug] access_token：9_yM2jxIHYHpS7DZDsC6Ks-a_JkZL2ELYVl_6IDZUI2k_K9xXdchASZN-vLz4huHVnoOCic3hsinx62ZqI0snR__Re81idUyIrDjNBrFAlY7c

[2018-05-03 20:02:30][debug] openid：o4aQ2wLjmqRKWF8DcP0wDiY8OlwQ

[2018-05-03 20:02:30][debug] unionid：otxZTwTPxdIrcc1jEnSnxZJr8570

[2018-05-03 20:06:52][debug] access_token：9_hEia6VT2tpUgKQ5TcE14OGBc-cTC0Lpdjwwnf7_MhA6NV_Vb0BwQNBiUWk0EdwEF_OtK_2uc6TXhV88wkWRgRGWcgCVj4TpV4h3KjL0U8uI

[2018-05-03 20:06:52][debug] openid：o4aQ2wFSBZmylzwmZ_d6NQ-hKVnc

[2018-05-03 20:06:52][debug] unionid：otxZTwUnBqodCQLZ6-8Ni4tgeglU

[2018-05-03 20:21:50][debug] access_token：9_nNW1eo5AhwqJCnAh8D4jZxB9IT9TRo5z6zWQWD4TpNM51y6kkUL7d8WoatzzoH-u4j7smQoUTM_EkJrb2vO1r7UqXxG0OATKaQ4aACCRnNQ

[2018-05-03 20:21:50][debug] openid：o4aQ2wKgt8VScPXgdChkhvZkG3lo

[2018-05-03 20:21:50][debug] unionid：otxZTwX51Kq66scW9zOeErYUNQE8

[2018-05-04 11:36:31][debug] access_token：9_3gv7WvsiqYKMAyQbOnSRiWB6iYupDe8ByOJRwpxVcNQDM-MdC-XDxTk0rKoi9F5SoVxfFjm2c4BQfE3A02qHtuQg6VgaCJzpBG1rawILy4U

[2018-05-04 11:36:31][debug] openid：o4aQ2wD-6eQ7u653dPh11MLbEi6A

[2018-05-04 11:36:31][debug] unionid：otxZTwU3KCKqJbjJLPqoe7VUh3z4

[2018-05-04 20:36:23][debug] access_token：9_nnTOe-2yTC07qPH6K2p_TBVekUq1rjCmvF85pc81VZXsEKngnolWsbMzSaV4_WFn1ezPzqgdx-MD_KWaHbiwD5hOSjUTctdXPIeU4inmFBU

[2018-05-04 20:36:23][debug] openid：o4aQ2wBirsiTN2sh9SZfmdvie-nY

[2018-05-04 20:36:23][debug] unionid：otxZTwdGJGOBi_OO8jIa-oSEmFBE

[2018-05-04 20:36:36][debug] access_token：9_QKaZtg9mqConMgnZxQ-aem-6vwj--z63h8ECe4vkmHjpobYKZR2rkl4DipFfgHLEql3jTSIqZjehWmAgOwNvt5vBpJ-UT0v9wEMZojUQX_8

[2018-05-04 20:36:36][debug] openid：o4aQ2wBirsiTN2sh9SZfmdvie-nY

[2018-05-04 20:36:36][debug] unionid：otxZTwdGJGOBi_OO8jIa-oSEmFBE

[2018-05-04 20:37:27][debug] access_token：9_Aol_6-pSfu75I_jQOybDiT-RBiehgFvI-_0gXhvN4yFYBJB49qupqBV7Gx-6gFNc4ROl0plJ7sPcmjl8jknH2CJArGhmQu4oek_IcRYUydg

[2018-05-04 20:37:27][debug] openid：o4aQ2wGvnVM1cOLohYFrtIJ2CPOY

[2018-05-04 20:37:27][debug] unionid：otxZTwXWe8-pMzlTD7gKK3LqCKxs

[2018-05-04 20:53:08][debug] access_token：9_DfwQA9ScuvoDfpWPB285M7zkhXhl66Uuw6Sdzet19vQ3chtxzOQe6udC7yPQ6Ju4HgiHt4egfa8NM2sD-tIMQiu06dBI1lc9nYbV6ibjEJc

[2018-05-04 20:53:08][debug] openid：o4aQ2wKgt8VScPXgdChkhvZkG3lo

[2018-05-04 20:53:08][debug] unionid：otxZTwX51Kq66scW9zOeErYUNQE8

[2018-05-04 21:46:39][debug] access_token：9_bVktHqIjpyq363v1zHrfyBnbYFdvb0ix7xSsBS_UURiTSvYUYloAbjMX9iGkbs-WPwyvwMNDFF052BXPNsyWdrFsas0rGbd9LRT62qe1B1w

[2018-05-04 21:46:39][debug] openid：o4aQ2wNotsvsPaA3O9hSnLGlSWjs

[2018-05-04 21:46:39][debug] unionid：otxZTwWwjAPaSnwlaxMcNACbonJw

[2018-05-05 00:09:53][debug] access_token：9_OpMqfkRioVGj2pyabXmS0Qa5EryKMYG-nYcwcR_2uOFRY9fLH-uHUPEsVxx2xyh7_pj72ZFvYBlQlJagahqCHZ0UjRAhTsUN8t5SWHFKN-w

[2018-05-05 00:09:53][debug] openid：o4aQ2wOh_2LevLDrePMG1YSCjy5o

[2018-05-05 00:09:53][debug] unionid：otxZTwSoaoQGzhnhJgdokou8vCQM

[2018-05-05 02:08:07][debug] access_token：9_AzJQQb4ddT-mUFSowUCHdiEZ6ULfOnHb_Hs-vSPXNkOK1z8KUiX8xPpU-BZhaGqD1AGbPVtWlhuhm_c6KMt-X5gdoWFbBoA0W5QnqqVKz8Q

[2018-05-05 02:08:07][debug] openid：o4aQ2wMgAp2AbX978uQCi4wnjrG0

[2018-05-05 02:08:07][debug] unionid：otxZTwf6s-rF5htVZ079Amx3A6w0

[2018-05-06 13:22:12][debug] access_token：9_o-HTOWAYmstrNJElQ9ANmiisLxRrHOZi46wTJmYByZ5CuR0Aw9dRXJ5STx59MNrJ-JvpCLCh1glFqUi76Nfonq_lvy5Cr4qsIjaese51uSc

[2018-05-06 13:22:12][debug] openid：o4aQ2wNB6NJ1-GXjr5NcFDfZzlEM

[2018-05-06 13:22:12][debug] unionid：otxZTwURJ01ZTd5CI2MKBmBuUWYo

[2018-05-07 01:32:54][debug] access_token：9_Bya0Q9dn981pPn-PYEWUR2983_QlJnuxYl2fZMjqnUM13MrhFlmvnoDEEJGioi4OET3tCbEYRkhz_TXwv3gQdQMhRREXywh6VH6kliElRvk

[2018-05-07 01:32:54][debug] openid：o4aQ2wHhnZ5EpE1Ssl5fgeGUsjqk

[2018-05-07 01:32:54][debug] unionid：otxZTwSMA4ojApp_SnlOWYYsr-P4

[2018-05-07 11:28:24][debug] access_token：9_UlILT9xXGBMGORPCyxlp7Z6Tui59fVqcBNG_jFkDG5v1zJNh9RmAnAbPy8hmVyX8whOCmzH4I3Zm8v6udwFmt4GNvmfOhJ3AxHsV2tsaTxs

[2018-05-07 11:28:24][debug] openid：o4aQ2wFIl2H0HIEFzWzHAPHXCWOk

[2018-05-07 11:28:24][debug] unionid：otxZTwTbTEpNVS_sEkeASEsa8c-k

[2018-05-07 15:11:50][debug] access_token：9_DSn2k-qswBXn7FktUa4cXvK--itJTFjAS9uBknVaNK7e0fijdrStYbyHh3UcoblFjlaNmBM-C9bTCmv8YzZhc2e5FeJIU3FxGbb9jbtVE1U

[2018-05-07 15:11:50][debug] openid：o4aQ2wFIl2H0HIEFzWzHAPHXCWOk

[2018-05-07 15:11:50][debug] unionid：otxZTwTbTEpNVS_sEkeASEsa8c-k

[2018-05-07 15:56:09][debug] access_token：9_fspLeF63whuFg1yIjH4mh6-UQ9JfvIUMNgcmngnCnmchGx2K7okI8fej-qU8BaW0yo5TXwUnX-FG5xEiJ1heZV0YqLuZDYSyKJN7w0nXyww

[2018-05-07 15:56:09][debug] openid：o4aQ2wJkbHX_esZqR0XehBvstdIk

[2018-05-07 15:56:09][debug] unionid：otxZTweMKNc0RWCf-M-kvLp6Tgoc

[2018-05-07 17:40:52][debug] access_token：9_BCRZQx4rUYxEP5Txf_AZ37PK_L2XDh6ZkGpEnqqpRbI8fhqx5h4-xGeZAHwPUb_3P579b15I6FDsqvLR4YZvQO7AsM7i5pbmT8Mf4t-19Gg

[2018-05-07 17:40:52][debug] openid：o4aQ2wERcon6rHo4H0g72bxevMRU

[2018-05-07 17:40:52][debug] unionid：otxZTwe03su5tKQix0OMwhLPD3EQ

[2018-05-07 20:38:52][debug] access_token：9_d2YRm_DsSN4Bnp8ZDmGFckZk14azYKVcf9O79T5w6mcxDHqxfUq5qKR8L2zHOHYueETuHvJ-zK9y-nBvuT2TSaZGzoeqaQs6jAsbDE6yS3s

[2018-05-07 20:38:52][debug] openid：o4aQ2wICiYXF7yvfDvbVzEwh3k2s

[2018-05-07 20:38:52][debug] unionid：otxZTwbBQBYbLBJuT0smcEER9Xd0

[2018-05-10 22:49:35][debug] access_token：9_vN3P-EoDMrXfZSqPWnYHMTTPV1nQN1l8430h4gBjIz1m6TjgmUjs9TURcRXT9bpQLlgskrH8-DPgVRB8_pW0axLDqOr78IV9gbfLMnI64rU

[2018-05-10 22:49:35][debug] openid：o4aQ2wFVevcM59UCe3il1cZqO5iY

[2018-05-10 22:49:35][debug] unionid：otxZTwdngM-epVXqSYN5agQZsHR8

[2018-05-11 01:36:45][debug] access_token：9_l1ZqpdnZRGv8u4NhMO169Z5pzFbLR2ZA1cLYQMrhuKdROqmy52RTq_h00ZhTO5XhPj38bRpYicEVmvN9ax6qI3KuoEqCBJzykqwasp8ibWU

[2018-05-11 01:36:45][debug] openid：o4aQ2wLZwZrqrCvZodR00gTYlWSA

[2018-05-11 01:36:45][debug] unionid：otxZTwcNEzftVjEIt-AIsReo8Q1w

[2018-05-11 01:36:49][debug] access_token：9_UrehSDRwnOnh_ZZpAP7SPT1IrhNMnTuhV0Pe6Lf7zDKbR_pgRYtaB9iEPOZhj4V9xuJ4vaHqni6HKYrqSRRcrqrekvDC19hTYSqhva_E1y0

[2018-05-11 01:36:49][debug] openid：o4aQ2wLZwZrqrCvZodR00gTYlWSA

[2018-05-11 01:36:49][debug] unionid：otxZTwcNEzftVjEIt-AIsReo8Q1w

[2018-05-11 01:36:54][debug] access_token：9_U1JoILfD-_QQfTPMN8bMpgx6TQIuU-FY0etFTF4Y4E9ILOI7mUoX3NeBm6sVc5s0Qo_4SvuJDK6NoPZj5p9eoC8lyxcZJNHWukCq9asuUOQ

[2018-05-11 01:36:54][debug] openid：o4aQ2wLZwZrqrCvZodR00gTYlWSA

[2018-05-11 01:36:54][debug] unionid：otxZTwcNEzftVjEIt-AIsReo8Q1w

[2018-05-11 09:07:37][debug] access_token：9_lx5yQ9gzjxn4dLDywIf4xfso2wye0Ef9ILRzvSOxzL-M50O34M3d1sF82-7JHpH2b4gTmkw2GY1gYCVBX7PF0BNZTulT6CXcf83YfOCXGtQ

[2018-05-11 09:07:37][debug] openid：o4aQ2wDbTi7cUIUYrGZ7ljSX3u14

[2018-05-11 09:07:37][debug] unionid：otxZTwX2cxKMIKaM2aAC9306_4fM

[2018-05-11 15:33:07][debug] access_token：9_VBmHsCD1QTIOuhVVTFcuTHj7yMzYxNxJMulCXAozCs0LcgbIhMQ3ZH3mRNWFN2VeHWhAIa7JLpNDLSaolTwhuCJz9JWNc0oZa63yF9BbVZ8

[2018-05-11 15:33:07][debug] openid：o4aQ2wHPn3jpieZyIAgm2L_pW8j8

[2018-05-11 15:33:07][debug] unionid：otxZTwb4eVQ4o01Rsp7s70-VlsPM

[2018-05-11 19:04:12][debug] access_token：9_27IaT5DDXP6cCiakB3IsAmlmriidqoEqeagjEY2LSdfPBA1wM45WKO7xgZ164LO4peFjrT_NVktS_Skkfzjt34BpEWWh-mkdAWptrPxubUc

[2018-05-11 19:04:12][debug] openid：o4aQ2wPD5paPHzCCSaj4Mj9M7F5U

[2018-05-11 19:04:12][debug] unionid：otxZTwQUOhXNvyesMm-WYC98b19g

[2018-05-12 13:04:40][debug] access_token：9_-hXecSHtS4VUvxU7jFr7wz1LVn-y9xrfrNvh5JQQ4HLaytNytoOb7M0FTzoD5x6Fhemb9hwLr4ilR80icJ7HOUMGfjJrR4jBxBwhFrEmBFs

[2018-05-12 13:04:40][debug] openid：o4aQ2wETE8sZfSyJuHATkf7vDwiE

[2018-05-12 13:04:40][debug] unionid：otxZTwb54T88KQ4zmhVU5TJtiDkY

[2018-05-16 05:21:12][debug] access_token：9_t8cqzEQptafyjEaaGUCQPaFMSoM3dL0O1UlRcGXDtEyE8mr1KhHyso9SRWUFpq8UTt9jE_YQNpQ1o4jjctPk3G-eBURcKduwXG-2VrGbqzc

[2018-05-16 05:21:12][debug] openid：o4aQ2wHtMFnB8yT304--9lqhUYAI

[2018-05-16 05:21:12][debug] unionid：otxZTwTCZUMratPRyJwS_8s8WUM0

[2018-05-17 08:40:08][debug] access_token：9_iotqW0uJyfkqS1rvARjHPxTe2Ye5dEXw1yR-K3ML6c2dtngUa8fe0tWqa4_IVkEjgaA9qoKB2T-ASpO5SH4sQs9met2eWJsuKvwB4Bo3k3U

[2018-05-17 08:40:08][debug] openid：o4aQ2wFcTi34ZBm3LlhbvpfqdDic

[2018-05-17 08:40:08][debug] unionid：otxZTwZbiie3Lq5n3I5gYNsGuhjI

[2018-05-21 09:36:29][debug] access_token：9_UtsrpUrGzBLzOuJqjhybJUYmTZMj95HOrsU29YBgWm-pUwwB0UzVMciB1xKXL9PQq5_i4ioiYtGrZdRO2z4VlWfp89JF5SNd8d8YZKq5kMo

[2018-05-21 09:36:29][debug] openid：o4aQ2wEVrU6ybUW4tKZCVQxqfuao

[2018-05-21 09:36:29][debug] unionid：otxZTwWzh-uYS5CMRggxH5RECpbw

[2018-05-21 09:36:36][debug] access_token：9_LLciKX2XMtW5M68ZqZof7yq49qSVESX6BYycZ6vcmWGW-oabO6KqypO6lhWg_MAXKs5oASwjZd0FRMJJ7uIJm2Ort-LHxJFtepx4v7BhH80

[2018-05-21 09:36:36][debug] openid：o4aQ2wEVrU6ybUW4tKZCVQxqfuao

[2018-05-21 09:36:36][debug] unionid：otxZTwWzh-uYS5CMRggxH5RECpbw

[2018-05-21 09:36:39][debug] access_token：9_lwd1dWOopvudpMJ2ZgraQOylX5hUVZtX2XflMzjoO72e7Mbi_opC-AasDHysc8p3Jn6cO-lpF9ND5Y-YUQV_waC6t2F0LeoTeQb4Ao8kqFU

[2018-05-21 09:36:39][debug] openid：o4aQ2wEVrU6ybUW4tKZCVQxqfuao

[2018-05-21 09:36:39][debug] unionid：otxZTwWzh-uYS5CMRggxH5RECpbw

[2018-05-22 05:23:46][debug] access_token：9_CHSWFoLlWDuLWBwixOO168M9gSPS-m3ZPOZy8K2Y811VGkbOKXaRcs7GkbJiZVhpvydf1F63T6w3zNp7Eh5mQce_L1AWEX0reWRS5RJctN8

[2018-05-22 05:23:46][debug] openid：o4aQ2wId17siWNMvX-jY8IdHA2Bg

[2018-05-22 05:23:46][debug] unionid：otxZTwa5SelAmSJUfVSDFfc9mBaI

[2018-05-22 08:10:40][debug] access_token：9_VpGUO0oDJ4_bqBIyz-gZGG13bU9G0kpakCFGdUz2L0kXXAWv6SkhQSFBTkfklhuOznfaw1q27nzF08uKIQXISPwW1_DYYNhwUt6FfE3FPvs

[2018-05-22 08:10:40][debug] openid：o4aQ2wEVrU6ybUW4tKZCVQxqfuao

[2018-05-22 08:10:40][debug] unionid：otxZTwWzh-uYS5CMRggxH5RECpbw

[2018-05-22 13:26:29][debug] access_token：9_JCptFmKsf54zgFz3RtT_ww9wSfhe_ZSnTYLsAqOJWkEkCHtn8feA1LsR8r9-O2xR3rVvGtEYuubdrE5PAume-RoVhkIvlC9MLHocMC1GKN0

[2018-05-22 13:26:29][debug] openid：o4aQ2wP8SqmI6LNHNAKiGS8jBOa8

[2018-05-22 13:26:29][debug] unionid：otxZTwX8pmyhvhfrjWAVi4V3uERA

[2018-05-23 10:15:37][debug] access_token：10_QO5dJrEqkYgPcyLAz6VBb2CGsWUW-GsEbJrl9f5y4z0HbJSeKJufjv8-EHlB4FzUxVbTLp1e7claKUXYUaybjqcnyGrrklswFtAN2t-q-bE

[2018-05-23 10:15:37][debug] openid：o4aQ2wPYisTLkBUwUTMk6DOuSF9Q

[2018-05-23 10:15:37][debug] unionid：otxZTwZ3T1GyDXb5f4vlVZmVCnmc

[2018-05-23 10:19:56][debug] access_token：10_Wwzr29XQxLGb34Dd6QOaOSq5Ui-TPQchYgTQqmyYOFCamiRpWjP4oqYmzhfIlK4OFkMkUVljrI0GIB0yCSE19JjRif4LqgoncXyzjJKR39s

[2018-05-23 10:19:56][debug] openid：o4aQ2wPYisTLkBUwUTMk6DOuSF9Q

[2018-05-23 10:19:56][debug] unionid：otxZTwZ3T1GyDXb5f4vlVZmVCnmc

[2018-05-23 17:28:53][debug] access_token：10_WFlLxBiZZKktt5Dts6qY1p8lFt9Ino-Zl9BH2f85YNo3vGG80twIzvwOspAJ2tZjjnHvhYqFoKl6gIOMVE_P2PhsCnjcCq2qCwz6iZWIlME

[2018-05-23 17:28:53][debug] openid：o4aQ2wNztXB27kccRdzoWt_64rxg

[2018-05-23 17:28:53][debug] unionid：otxZTwZBI6Z6DGtYqRlhAhPmsxwk

[2018-05-23 17:29:00][debug] access_token：10_83RBNEyblCqol4ng_XpCY9jr-wP23LHozN-fsBmLklFddQUOTyF2wfLjDYj2AJQxv8fUBoxb5HjJ6qF_WFhgjh5-v489jy7mLfUEk9QufgQ

[2018-05-23 17:29:00][debug] openid：o4aQ2wNztXB27kccRdzoWt_64rxg

[2018-05-23 17:29:00][debug] unionid：otxZTwZBI6Z6DGtYqRlhAhPmsxwk

[2018-05-24 01:58:02][debug] access_token：10_eXf9igFfm38cIw-3T3K78GNTq06gvRpeCVlLdgJUo9WcnmVeDdcixKshjfRUfXSB81Gm0Jmv74dTHTP5GRR0QwU9o3xmolMUB46a3etjTrE

[2018-05-24 01:58:02][debug] openid：o4aQ2wH0yNM6gQeUd6hr98QuM1Ec

[2018-05-24 01:58:02][debug] unionid：otxZTwRpbpsdkBO9MUY8RYTEuT4A

[2018-05-24 01:58:07][debug] access_token：10_OoWj5A3791laO2Y70VgCtd2CNQg3amnEH9Rw1r_LqUPuUDVXhsopJoS3PxtgLwUuZlteocwSgrtt1QWXdH90gXtK_jU69cAuNcdZhDvHOKM

[2018-05-24 01:58:07][debug] openid：o4aQ2wH0yNM6gQeUd6hr98QuM1Ec

[2018-05-24 01:58:07][debug] unionid：otxZTwRpbpsdkBO9MUY8RYTEuT4A

[2018-05-24 01:58:09][debug] access_token：10_ZXPcDf-t0f6LIFVZhgFQY1SqVetdwu5-MZWIid_Ls1VLBOlsEMkf5_PsnHjnqabXIjB1QSrw7wJ-6hMfXoPnYSP3Z5DUf0eJ_vCfIko7G_w

[2018-05-24 01:58:09][debug] openid：o4aQ2wH0yNM6gQeUd6hr98QuM1Ec

[2018-05-24 01:58:09][debug] unionid：otxZTwRpbpsdkBO9MUY8RYTEuT4A

[2018-05-24 05:13:12][debug] access_token：10_SJu1FkHPT61-l5e97xZqRbqmI9ROlqzPRovYaFZRdY2l1HnI0RWA7Nra_oU0SLr80ohZXyeuIEXMw7qOWrNK10cqnpnksNy5jud84p-JYQA

[2018-05-24 05:13:12][debug] openid：o4aQ2wKgFP0Am83EdipUGS-mTYh0

[2018-05-24 05:13:12][debug] unionid：otxZTwet_4C6iFR0Ql4Rx4EwZnu4

[2018-05-24 12:14:15][debug] access_token：10_VHYngsglyBfv4zrX5z4iKYHRnKe3wHEkXcNgnCR2S9955v_qOB0AXV1_L-nwjraEyTbUf4JbZ2QCkuvNB45oTc-iPZHpvjyGIGTr4scweAU

[2018-05-24 12:14:15][debug] openid：o4aQ2wHfrAzcT49J39k8IYGzVzxI

[2018-05-24 12:14:15][debug] unionid：otxZTwRH8I4efzV6mzLWf39ryQaw

[2018-05-24 18:18:37][debug] access_token：10_ybx0okJUhdu66jOSHV17Y4ybGwZJ3mYJLGskHcTXMjJrnmS9W-louLG4KZuQ8dki9K45kRL4wx6tuPF-mrO0kawcRpTO4L8SFS9gPyPzjCc

[2018-05-24 18:18:37][debug] openid：o4aQ2wJylHhU8sx8k2m7o6yYd6HA

[2018-05-24 18:18:37][debug] unionid：otxZTwcP4OV7_SfQG0mN_PQqnEmY

[2018-05-24 18:18:44][debug] access_token：10_Zm61yUZVOnGsIwphtRYVM8vocspv0DnVzzjGtZnGmPXYBgOMicUhOzhobJXFqVt3Cdfqt4R3yp7hHxUccLWu5Hmeo8XjGnC-ZxnP4jpSx1c

[2018-05-24 18:18:44][debug] openid：o4aQ2wJylHhU8sx8k2m7o6yYd6HA

[2018-05-24 18:18:44][debug] unionid：otxZTwcP4OV7_SfQG0mN_PQqnEmY

[2018-05-24 18:18:47][debug] access_token：10_5FJ4px5Q3LTxQEygfhIm3ZdH4BcBvB1Zt47digrFUX9dc-qVdI98GhSwWZZsgQKnu-XACI8kcQ7q-bVXkqtDGGW_mKK0ToDCU2lls7kvDsA

[2018-05-24 18:18:47][debug] openid：o4aQ2wJylHhU8sx8k2m7o6yYd6HA

[2018-05-24 18:18:47][debug] unionid：otxZTwcP4OV7_SfQG0mN_PQqnEmY

[2018-05-26 10:54:47][debug] access_token：10_hh5EE9JGw0ftg-8Lsd42ZucVTNwGJrHFbt9GnWBlNnoCPtjM-cy7YZ35EL8fK66HhqcGLf563Q7j-9hJYr4ifpXIGCE1e5c5NBwWOGbvb4E

[2018-05-26 10:54:47][debug] openid：o4aQ2wHLo0R_uP_AjKsV4pFPgfgU

[2018-05-26 10:54:47][debug] unionid：otxZTwRJwekv_469G3crGewYmA5A

[2018-05-27 00:15:32][debug] access_token：10_AeF8yTFYwsfiWWTqfxO4zBKRHuVgTN7Yo64_Ns61WeIGkcn4Z6ZxiSTttl2Z7-kJRHqlKoZLjOLGHHomVhEOaEjGXOnL63zoPdt_G3PmNLY

[2018-05-27 00:15:32][debug] openid：o4aQ2wH0yNM6gQeUd6hr98QuM1Ec

[2018-05-27 00:15:32][debug] unionid：otxZTwRpbpsdkBO9MUY8RYTEuT4A

[2018-05-27 00:15:35][debug] access_token：10_55hQ_8BVsYBNMFN0J7lZzLwtW8TxgJ-3iBdB6M8wfdgwJc19c_iGxzLwMrI6qWfqLxGI9bkDddQPkYGxOQVrpNC28FSQi0pxDA65V_nNSsQ

[2018-05-27 00:15:35][debug] openid：o4aQ2wH0yNM6gQeUd6hr98QuM1Ec

[2018-05-27 00:15:35][debug] unionid：otxZTwRpbpsdkBO9MUY8RYTEuT4A

[2018-05-27 00:15:37][debug] access_token：10_ILg45eXVHsYaGof3MS_jLRuIx7RSFExKCmQfG44BdnzSRPNWpOC0CqPFFeAexw0oTIFrssLkGBcG95HVWZ1H8nbbMcnIV3zCRGazeDEwRRg

[2018-05-27 00:15:37][debug] openid：o4aQ2wH0yNM6gQeUd6hr98QuM1Ec

[2018-05-27 00:15:37][debug] unionid：otxZTwRpbpsdkBO9MUY8RYTEuT4A

[2018-05-27 00:15:50][debug] access_token：10_skT3EnyTKxIggkzdtkx36raI90DY7UqrBXxeyXHQYS2ScLU8E1TWLFn2iuaKFCIP-EUctkuvYJUt47JNwvdBWKMGjpHM2lcYz9fDRmtPqTM

[2018-05-27 00:15:50][debug] openid：o4aQ2wH0yNM6gQeUd6hr98QuM1Ec

[2018-05-27 00:15:50][debug] unionid：otxZTwRpbpsdkBO9MUY8RYTEuT4A

[2018-05-27 01:43:54][debug] access_token：10_dZHGwgObZkGjts6ze0I-QI9vewyTZAt3W6sGG3HW1VZnO_GnP7PBUjbsYl3P_prDAdgZCoifK4vhAcIQik10F-fCqe9Rcsra_vTjSawKJpA

[2018-05-27 01:43:54][debug] openid：o4aQ2wH0yNM6gQeUd6hr98QuM1Ec

[2018-05-27 01:43:54][debug] unionid：otxZTwRpbpsdkBO9MUY8RYTEuT4A

[2018-05-27 01:43:57][debug] access_token：10_Dce9lEa_DHeXyny52xCWJ7YpXQuD-gljK2An-TeMRGTQFoy5cAGxcIpfdo5E-2DtFWKCTHEZ4DPA8gaC1FN7KePa2Nku_g2Lg2xvVC6acK8

[2018-05-27 01:43:57][debug] openid：o4aQ2wH0yNM6gQeUd6hr98QuM1Ec

[2018-05-27 01:43:57][debug] unionid：otxZTwRpbpsdkBO9MUY8RYTEuT4A

[2018-05-27 21:36:48][debug] access_token：10_-VapW_wLAjASFV6FEqP_ozvjsRFca8GdBhnzYv4ELp-Jn0yR13BfxL5_XD3cZtBYwuX_zQKeWvuM3imhoG5x9nruZQzWvbZLOO6vxkgL9fM

[2018-05-27 21:36:48][debug] openid：o4aQ2wM05n4HhgDfLKi0oXARsPq4

[2018-05-27 21:36:48][debug] unionid：otxZTwcv1nLehOGGeXeDTIAm5hDc

[2018-05-30 08:25:31][debug] access_token：10_Jymlfz9Ka_4whekW8YIcItjVQzZbLfF6LYHVnd2MbJmesxT6GDnY5WFQf5Z2Y3LROZQhBx_Ep9i8jACqQydIUNFmDew0_90R_VdbADegE2I

[2018-05-30 08:25:31][debug] openid：o4aQ2wLxrwytAbmFmW_rs6cePPLI

[2018-05-30 08:25:31][debug] unionid：otxZTwdG4kaNsTKrUL3ttJGm22yo

[2018-05-30 21:38:07][debug] access_token：10_hq42KjdCvEUQa4421yoMyV0HjVYiQUwoWlL7gmctjTpah2i3_OLu5M4eSSfifC4Tvzcr_-ZI7SPPGNUqf_aK-tgXawGAvXeH_ldHRwHp2Tw

[2018-05-30 21:38:07][debug] openid：o4aQ2wLHOn-ins2QmvV-NF6ZePsw

[2018-05-30 21:38:07][debug] unionid：otxZTwUvZHH0iAyQSQ4vhzlqbbNs

[2018-05-30 21:44:33][debug] access_token：10_29N3wtoFt-KrDo5rRG2iRhvHoo7S6EsnsRaYANGPjnkjRI8A_QVoeonhgLrxBO8T1DTrDztaoEwfgg8QRFQnSordWbdJ-9_WQHuHF5z_s2g

[2018-05-30 21:44:33][debug] openid：o4aQ2wLHOn-ins2QmvV-NF6ZePsw

[2018-05-30 21:44:33][debug] unionid：otxZTwUvZHH0iAyQSQ4vhzlqbbNs

[2018-06-01 22:27:46][debug] access_token：10_ILg45eXVHsYaGof3MS_jLeElCEwWlwOde4T10irvgvUCzqr6CpxvwbmSRIq7tzvOWc7ivupf_OmpHXc1HrqcTxERDfDnH3KW3RH6p6cmXmI

[2018-06-01 22:27:46][debug] openid：o4aQ2wH0yNM6gQeUd6hr98QuM1Ec

[2018-06-01 22:27:46][debug] unionid：otxZTwRpbpsdkBO9MUY8RYTEuT4A

[2018-06-01 22:27:47][debug] access_token：10_1ch6AT3jDVeiHmPSl35_EHGBJdJyJZ8n7o6WfLrxBY0fnMROecpyn1yei15PUSCgh5N9DCmcVuyLQ_0VJbHBWgFFCB08e0HaKUdQuj0qIgQ

[2018-06-01 22:27:47][debug] openid：o4aQ2wH0yNM6gQeUd6hr98QuM1Ec

[2018-06-01 22:27:47][debug] unionid：otxZTwRpbpsdkBO9MUY8RYTEuT4A

[2018-06-01 22:45:11][debug] access_token：10__4nQKUh1i5WS9gX0AoQBY7I1kGG7AUa8ZB0bxWd-7dxE0VIAHKOsBfcixE7JVVkcbNZcX_LFmU_6qccHIi0WnUyHA8Fdn8PNz1BwZ6wKtzM

[2018-06-01 22:45:11][debug] openid：o4aQ2wDk2cx439VArkVLJZtGYPmw

[2018-06-01 22:45:11][debug] unionid：otxZTwZYsaBiQhlEKaPKmnnIwYs0

[2018-06-01 23:54:48][debug] access_token：10_E32kEadMX_g5YDx4gadxzVEGs_iO38IGnPtlz_v-Es9yLYFFKavVEVOPp4o2KInr0EvQGspd2VeiBx46NBx7IZJFdjLX55jvZhTY1wIOFzc

[2018-06-01 23:54:48][debug] openid：o4aQ2wH0yNM6gQeUd6hr98QuM1Ec

[2018-06-01 23:54:48][debug] unionid：otxZTwRpbpsdkBO9MUY8RYTEuT4A

[2018-06-02 00:57:52][debug] access_token：10_C6n-IdPCXgbzOvdwouip3OKBc00iqzloDoEW0OIlZheYMfxZxAt97u796WUyGHHRzGMTf4Br8cCONZYTqKAZdsv9VB6X3OcLzN_hkQgBwks

[2018-06-02 00:57:52][debug] openid：o4aQ2wOIh7cNH63xw-W0rL6kffUI

[2018-06-02 00:57:52][debug] unionid：otxZTwSuwH1wsmFIN6zBtMmtqwXs

[2018-06-02 08:23:33][debug] access_token：10_EeufuU1o9PNbTxtgQ3LroWv3iftJSxVf0-CtSkfxA8DNOygqkY7DJjf3ok1ZEgUY9-QWW_GWFD_lxcLmRZbxuqIM8m30pId6Sc3Be7GbO_Q

[2018-06-02 08:23:33][debug] openid：o4aQ2wPdy1mSvFZKLci-c_53kjxY

[2018-06-02 08:23:33][debug] unionid：otxZTwVfM6fvss5wTk3s0dhM4fdg

[2018-06-02 08:36:59][debug] access_token：10_3Wv3pYCdiHIa-opUSW-vrRjW7_BwcRvRRQjjuIPQk8_eYTdH5MK-7vpsQ5iL5znXYLSfETQdl5Z_TLTlZeOYW6BpChJ4rTnvloO2J4kMzB4

[2018-06-02 08:36:59][debug] openid：o4aQ2wFL9QSDh6jNiXgQBJEpxkts

[2018-06-02 08:36:59][debug] unionid：otxZTwSIYDlEV0BLJPqXSBHChr00

[2018-06-03 07:15:58][debug] access_token：10_77C5dwzrsmxoiR8gAHc1sQQjr6f_Hkltps1zmKI_qQyjl5cjkpg3NQJ9yaYzvjsgWfQXV9sgutGX4Z-2C5kFH2mMvnmRvfwhYm6BCgSnb58

[2018-06-03 07:15:58][debug] openid：o4aQ2wFL9QSDh6jNiXgQBJEpxkts

[2018-06-03 07:15:58][debug] unionid：otxZTwSIYDlEV0BLJPqXSBHChr00

[2018-06-04 00:59:29][debug] access_token：10_ts36j570V5-nGdlXjPClEkyu4tIxk9YVcJ29fXMUcYaGllhxkrgIxzgAdE3R3Hcmpr1O7BY-zW8BkI_PM0fODkRfyE43wJ-mKNeIGSYFyuU

[2018-06-04 00:59:29][debug] openid：o4aQ2wEVrU6ybUW4tKZCVQxqfuao

[2018-06-04 00:59:29][debug] unionid：otxZTwWzh-uYS5CMRggxH5RECpbw

[2018-06-05 05:10:37][debug] access_token：10_V5U7-J5SxbuHmO9-OunM7OxFsC6SacpCdAb6MeXocVYYStz0U2PcvSgTnZ-qLF-EuUPelOX9GXl3o1Ef4z9JlJlTPstT62rJP0wrSKIPzxA

[2018-06-05 05:10:37][debug] openid：o4aQ2wHMyMiRAli7VgmsrMA78iEM

[2018-06-05 05:10:37][debug] unionid：otxZTwflp_XpN_pg-zAj_d1UcUp0

[2018-06-05 10:07:04][debug] access_token：10_Gau9-CTL7cbT4PyBKiFiXwRBrQhJOvHdEqeYdhkqW_Qb8c_uAVcInEXNJQ6KjrS99YD-_eIMu5XMYLnzb_V_tOtOO8Fcm27FOlpH4_P-Y18

[2018-06-05 10:07:04][debug] openid：o4aQ2wDvGhiVB3fAgziNuHpS4d94

[2018-06-05 10:07:04][debug] unionid：otxZTwapTDMZEpehR7AJF6BwYv_c

[2018-06-05 19:52:10][debug] access_token：10_tef52XOZyAOpx5ZSG9zxTJAGHWqXAg189fVHdRX8C0y_sT6pPNx85bz67VKX9WH1UKoqkOMSOW6GEEuryJ_0UzFbgVYfF7SuJxtnzb8_xPU

[2018-06-05 19:52:10][debug] openid：o4aQ2wNaTHYwqbchSqednmE9KLIU

[2018-06-05 19:52:10][debug] unionid：otxZTwYjZEhHrdvWigUOP3zpNN1c

[2018-06-05 21:08:20][debug] access_token：10_uxdQHOkNAnggrS8rLSmyXF82_36Q5l_gyAvqmXcejYuD4O0pBd3HWYBt3ExgP4FRK0mPQ8OMQWsJzF_BOO09YDI12rCeOpNI3aVph_75G4E

[2018-06-05 21:08:20][debug] openid：o4aQ2wGLx0Ps6vOQTy6uWpyZjbPM

[2018-06-05 21:08:20][debug] unionid：otxZTwXowgRDz_Vo9WqAeyn_rKwk

[2018-06-06 13:49:08][debug] access_token：10_10VIwfFQ4XZleIlq4Tf-EByxLVtl6jDaMJyD1-dKRl3BcE2jcQiFq347Sq8uRHq8B2HCnPPJVQpN_4MmeMERmIu38VvfGen8aYVzgzdDAu8

[2018-06-06 13:49:08][debug] openid：o4aQ2wAoNQ_iU1EQYnbhZIrQRWFg

[2018-06-06 13:49:08][debug] unionid：otxZTwVB27Z7mopHs0hGr2ISQ0Oc

[2018-06-06 16:08:26][debug] access_token：10_4rRgDFWPZ_q4YqrdcLuRD2qmCVVDa_UnEuZZqb-eijY_LxooYsnyXXLNxM48bcG9HuPMGPjDdspZiK25zrwvoG616iOkZEtxJ89ekufPIso

[2018-06-06 16:08:26][debug] openid：o4aQ2wJ7jy7WMtjokM1od7hD49io

[2018-06-06 16:08:26][debug] unionid：otxZTwX1hO6ZY9xadN_jLGyKvEN4

[2018-06-07 17:30:23][debug] access_token：10_M41dkSnBzIens81sY1dcquRuO_S0iIe1_esp-jNCsTR57TLpkhaycLRaJ6z0p_1PQ0lvToaAcemkJELLtfEyBkiWCuyfT6bQXKVr5N82UEY

[2018-06-07 17:30:23][debug] openid：o4aQ2wOybQ9GxuGZ1Q_rG6Ng_CPs

[2018-06-07 17:30:23][debug] unionid：otxZTwbJpkq_iDeS__2yIrO_Z-iI

[2018-06-07 17:30:40][debug] access_token：10_5Zc7jNPDSfJ8AbFVO74bI5E3LMdkopeLK_GDUVUq1To_M_iPfBRqA3ZFYMBHIfiahwnTdIV2xbEpwOiWaWvYjTE4ZoX-IMWHrSn3aTdBHxs

[2018-06-07 17:30:40][debug] openid：o4aQ2wOybQ9GxuGZ1Q_rG6Ng_CPs

[2018-06-07 17:30:40][debug] unionid：otxZTwbJpkq_iDeS__2yIrO_Z-iI

[2018-06-07 18:31:49][debug] access_token：10_hGi9VQwL7q5l6xY0CgiHE8s_FGTOK9O0aTB65c0F-6m1-I7IEJ9PMCu3NcOXGdf2CXlT9-b2WsAkvA7Gdympt3-cjWpXtwLYwyG3KpXUzXg

[2018-06-07 18:31:49][debug] openid：o4aQ2wNrBk0HidEZgwZpJsuJ7ldQ

[2018-06-07 18:31:49][debug] unionid：otxZTwcB6i8H4qd78vS_ypPukkRM

[2018-06-08 15:30:12][debug] access_token：10_wKtucXpBM8ptFdakDwOoEBywMVh7X1V4S7yAidKH7l3Mc3QoctvQozjXA9AR-08gMWPne8P6bd3tpP7NdyvLKfvTJ9wDD-mFjTVgt2sJAL4

[2018-06-08 15:30:12][debug] openid：o4aQ2wNaTHYwqbchSqednmE9KLIU

[2018-06-08 15:30:12][debug] unionid：otxZTwYjZEhHrdvWigUOP3zpNN1c

[2018-06-11 10:59:32][debug] access_token：10_Z9dbv2g5kkvnkFPi-j5u5aLmR_nbHce_1Ng50bWIILxPFl8czOERLNpuSSarOh3_D0U4L3RN7_qoavfPEJicrzcxUspmr2B2cLPgDMtgjBQ

[2018-06-11 10:59:32][debug] openid：o4aQ2wPYisTLkBUwUTMk6DOuSF9Q

[2018-06-11 10:59:32][debug] unionid：otxZTwZ3T1GyDXb5f4vlVZmVCnmc

[2018-06-13 10:00:18][debug] access_token：10_3vUeE7ntQb8KUlQV_osu7l99tvBZl9vp3WiCuzOIhBaGpAbxa6TOamOFYfvntS7iySLNU3bHI27XmMgBBnE_Q4S3pp5wCgj28XT4zw52Uvg

[2018-06-13 10:00:18][debug] openid：o4aQ2wFsMtZZ2Ise-cEjRAD-ypVQ

[2018-06-13 10:00:18][debug] unionid：otxZTwepgfifeEEnK7sSw_WQNSJ8

[2018-06-13 10:16:49][debug] access_token：10_daQwLhhjO28vGqWOdOSTydFggBJE3A_DxMEL7czp92fZVLbFqqx7VEykhs9gLD_upW1GDF_XSNEoH2nQnMqBIOAeFS7G-s0KpVdjOsQPE8A

[2018-06-13 10:16:49][debug] openid：o4aQ2wD_rGVuvIjMM031VW18sK3s

[2018-06-13 10:16:49][debug] unionid：otxZTwao5uD8U9asmVKqgWeIJlJ8

[2018-06-13 10:38:29][debug] access_token：10_fIeP5t6BF1jxy9ndf8wftz1faXco2YD9bS5LtJHLgt4HN76_d9zrN48KYNxoHh_H6XsDMeZqrbhRqBhW5fdu1Hqo3xac09U42B_T8dLd7BQ

[2018-06-13 10:38:29][debug] openid：o4aQ2wB_Ngcz2WXOKhblF722zQY4

[2018-06-13 10:38:29][debug] unionid：otxZTwY78qtL6irYLYLPRKxwqrPo

[2018-06-13 11:43:07][debug] access_token：10_Pud55V660Jc4k65GkhJVe9f8_z62MxUuWJWnLpnfVxGf6bmmXINK8XIaHzc3xIP5HTSn1q8Y8lyXZ8Mib8SE7AsW7UnisZCVrjBgIODAq4w

[2018-06-13 11:43:07][debug] openid：o4aQ2wD_rGVuvIjMM031VW18sK3s

[2018-06-13 11:43:07][debug] unionid：otxZTwao5uD8U9asmVKqgWeIJlJ8

[2018-06-13 15:47:44][debug] access_token：10_C6c-EzdrI54iql6HQgPkHZkMmyB1J27zTzC2WSkVg7cGPUsBjs7FLG80vToV1tLg9JcwpmUB_C5917jzlybQvBb7PPmfaeZwV-AvB57s99U

[2018-06-13 15:47:44][debug] openid：o4aQ2wFsMtZZ2Ise-cEjRAD-ypVQ

[2018-06-13 15:47:44][debug] unionid：otxZTwepgfifeEEnK7sSw_WQNSJ8

[2018-06-13 19:14:59][debug] access_token：10_C2nnHC6MMprpTjvzKLIJ4sx33HeYVlYszyRO0txARni-jFFUlgTDKJUHVlApoir8h1gFPFjgWrNE6yhdmwA-jNqPocETiua-ZeaNyzGzTvs

[2018-06-13 19:14:59][debug] openid：o4aQ2wGOyl6HY4cjmAq31uEsoTQw

[2018-06-13 19:14:59][debug] unionid：otxZTwQ28dFlw35ioG1lbG-xUSL8

[2018-06-13 19:33:41][debug] access_token：10_O6LQ3sNZTAdPkI7k6oiV-aBfqsh0mI_W0C_6DlfOD1l5b3-JM8AtLK4dFCSOG88T_R1aWZde12A8Xrjmn2hf9xETZp8i3AcBecBFEdMlUOk

[2018-06-13 19:33:41][debug] openid：o4aQ2wPD5paPHzCCSaj4Mj9M7F5U

[2018-06-13 19:33:41][debug] unionid：otxZTwQUOhXNvyesMm-WYC98b19g

[2018-06-13 20:31:33][debug] access_token：10_-InWQAZz6K9VnGIshSBcNkLULzPFtfvaqhr9ER1XaT7FN_AtCFgXQPi5iXPntrMrqzFsMjBNTboi47_omybHZ1_vClCd85c3xYpUbJkGu2c

[2018-06-13 20:31:33][debug] openid：o4aQ2wDbTi7cUIUYrGZ7ljSX3u14

[2018-06-13 20:31:33][debug] unionid：otxZTwX2cxKMIKaM2aAC9306_4fM

[2018-06-13 22:23:49][debug] access_token：10_7lobBA0F8mDjXw19tEldIge5vCphogZCNmv7mkqZq77yiTuCA7b7l4JOXib61wSlUJcdzfamG7FPICwPRApad5_MAvZwEDML70a5FQdROzk

[2018-06-13 22:23:49][debug] openid：o4aQ2wK-63RMx_iaJNSGTE3HGJt4

[2018-06-13 22:23:49][debug] unionid：otxZTwXoGra0yNc7xnGJJRphUm70

[2018-06-13 23:50:08][debug] access_token：10_wth6RDXMz-JXXZ5nJiEKWy3FXcEyyjnO3RF_Pqd672R7OVzNUomRlfGuLlKPW7OzXvdjB8Q1O1tZt1Qy0FgH4eWGSklcB4afyRPqmsgeCNo

[2018-06-13 23:50:08][debug] openid：o4aQ2wB7m76tTbX2Ul6lOOOA7MmQ

[2018-06-13 23:50:08][debug] unionid：otxZTwaT0N-D1dfY4v6kgphOEU2c

[2018-06-14 02:32:40][debug] access_token：10_uczJmEx2tC_iH6LLfqminOjQGR7fmj3TKu27Wv-bG4jwosWGLBi18GWmxpAep17_TyMidurnDaUbDujzEGqJF7OjWSbiHMUMG0VnOxeuyOQ

[2018-06-14 02:32:40][debug] openid：o4aQ2wHip8KZ-6cSpgfSHObzQ21M

[2018-06-14 02:32:40][debug] unionid：otxZTwdBay1qxieVgzU0zgZPG0pc

[2018-06-14 17:54:50][debug] access_token：10_kdkxyOinD_-_Uod0mIAB79V9GlUzyGQOJN06YhzmUrrJlg1SeChhDO1b5oGWHCvZGvzmuWpGtVtT8E8pjM16oxDqjEaRASBUD7NZrlITyS8

[2018-06-14 17:54:50][debug] openid：o4aQ2wPD5paPHzCCSaj4Mj9M7F5U

[2018-06-14 17:54:50][debug] unionid：otxZTwQUOhXNvyesMm-WYC98b19g

[2018-06-14 19:34:20][debug] access_token：10_oBVMMYq4WmhxqAjo2VEvjqvl2f6uwIPoQ7jOo6mDrMAfOBq_JDwrY-XQO_z3enbBYUhHMFvbxxSYYu-mxffriO3SVHwXXdyW_GMcOXCOE0M

[2018-06-14 19:34:20][debug] openid：o4aQ2wK-63RMx_iaJNSGTE3HGJt4

[2018-06-14 19:34:20][debug] unionid：otxZTwXoGra0yNc7xnGJJRphUm70

[2018-06-15 00:48:03][debug] access_token：10_kEtDj0DJM8P2FTiWMTVONelR6QvsVcA3yiZgvKfdSGoMHmMclhJ1Dje2KWZeZ2WCsf_0iuEf-hDavuM5W1PWxu3HOwt1RbzomphRq9IoxM4

[2018-06-15 00:48:03][debug] openid：o4aQ2wD_rGVuvIjMM031VW18sK3s

[2018-06-15 00:48:03][debug] unionid：otxZTwao5uD8U9asmVKqgWeIJlJ8

[2018-06-15 09:43:46][debug] access_token：10_VbR11YRbKkwzUIWPmsf-9Gvr6SdS-Ei6wg_VwuMBDYYSz1uF6Q1XxdVlbqbKXLjLIUxUwe04hh_rltrd6qXKRRckczxrS1eI1A8ZrBN-wE0

[2018-06-15 09:43:46][debug] openid：o4aQ2wCShP-oiZmFFQ_FJ8eE83mA

[2018-06-15 09:43:46][debug] unionid：otxZTwefqmTSl2dEiIcY_Sop5ILs

[2018-06-15 22:59:06][debug] access_token：10_S45WCDTCPuAUqxtj2vPmdUn5SqbVIrQxTh2MTk9kVEvC0tN2fJhNk146DGUBGoz7nlqO-Vt8XHMtODgbNje61RvqR1DdSprqfdIlfEFLvFM

[2018-06-15 22:59:06][debug] openid：o4aQ2wDK_5TOrDEn2H_byd21fBEY

[2018-06-15 22:59:06][debug] unionid：otxZTwQBiqH32ZB4U1omCv6BkeM8

[2018-06-16 20:50:32][debug] access_token：10_nznDqbLxlhCYXeBqACniJN0-ElVUB110CPeD6A9UGirTjUxagpzR9f8lhQ10euAIp0LgzDmZoL79oPa8825j3CgpWdaz1Jeq6tbpLwSsBNU

[2018-06-16 20:50:32][debug] openid：o4aQ2wLKA-9sz7OE7421BKDDpmLI

[2018-06-16 20:50:32][debug] unionid：otxZTwUWOTCVZbGujYBT9NAbOOKk

[2018-06-16 23:47:15][debug] access_token：10_4OP4GmfYjkytiOiOgMy-GO3DcmCUnZiFNUqAuyUNOWjj6KNuB6rEZCrV51RkB1J5saBW4TI-tg6Ksq5TBwjWlPPee2kDxtT67h_wqdOZH_g

[2018-06-16 23:47:15][debug] openid：o4aQ2wD_rGVuvIjMM031VW18sK3s

[2018-06-16 23:47:15][debug] unionid：otxZTwao5uD8U9asmVKqgWeIJlJ8

[2018-06-17 07:11:35][debug] access_token：10_TspPTm0wRcCmrjDEpyCXdIP4H8ld3tYAvjjqwm6W7M9j5-8TJAEF6X4_O_sRE13VvKLtZvyJMQh-7gQLO9aXufSkfc7fmqIyX8aI2j2KTnE

[2018-06-17 07:11:35][debug] openid：o4aQ2wK-63RMx_iaJNSGTE3HGJt4

[2018-06-17 07:11:35][debug] unionid：otxZTwXoGra0yNc7xnGJJRphUm70

[2018-06-17 09:10:24][debug] access_token：10_GxIqhhlCs0A82Q4qjADjcu7l6_tDKoj-ymnqjmYmfpUTxZYTbySiDBdukm-LGgyeCMyBbQ4wTO3GrqjaS1wYk1JoTc1UB7xDtaa4BpxMruc

[2018-06-17 09:10:24][debug] openid：o4aQ2wLKA-9sz7OE7421BKDDpmLI

[2018-06-17 09:10:24][debug] unionid：otxZTwUWOTCVZbGujYBT9NAbOOKk

[2018-06-17 16:01:38][debug] access_token：10_cG6ELEWNrBryi-nyJ1-Q8TQAFuybi-nZV_OcAlNnx82HBlFUEFLCRA1qOVNGdB3ccYmqTNrgf5WB4Log8dMG8nUz3Jco0uzIchHE7pXYdh0

[2018-06-17 16:01:38][debug] openid：o4aQ2wPQgxSC-HPHmL75HtrA9pF4

[2018-06-17 16:01:38][debug] unionid：otxZTwdVyHoCXo_Nkmc8sIb9Baz0

[2018-06-17 18:56:07][debug] access_token：10_oPHvCRJ4MjHJnD3AXPTmVlKLRaVmoXVM9H3acqaNvtPgekIdmpnMhz1RuYcGTQLa0Tg_SVWj9c_4f3raeqXVkQSSyt6GXGyP6lpCFkrP9UA

[2018-06-17 18:56:07][debug] openid：o4aQ2wK-63RMx_iaJNSGTE3HGJt4

[2018-06-17 18:56:07][debug] unionid：otxZTwXoGra0yNc7xnGJJRphUm70

[2018-06-17 22:06:22][debug] access_token：10_rsousMCALjtSDFaU8eeu_wVeSeOxn8FON9UNzrUha0rQxNObjSJCXCb9wTGquDkHR1Ajrf4xgeMA6C6hgqndXjSWsRNilIPhcfw-QQgP70Y

[2018-06-17 22:06:22][debug] openid：o4aQ2wCZqZMXXxS7H2VwbNgj45zE

[2018-06-17 22:06:22][debug] unionid：otxZTwSspktUp9FLxXAw7HeMjLqU

[2018-06-18 16:54:56][debug] access_token：10_qlmhUiLHRNgKKZv796_BWwA5-EHdztEtktGpBXBMydaJQYjp2GNL6PiHMiWCmi0JXUbzIZJkZ3xeKW9K05ODxtMFvZUrytkgCt2XXGPUmdw

[2018-06-18 16:54:56][debug] openid：o4aQ2wK-63RMx_iaJNSGTE3HGJt4

[2018-06-18 16:54:56][debug] unionid：otxZTwXoGra0yNc7xnGJJRphUm70

[2018-06-21 14:29:07][debug] access_token：10_w3VIziV8SJ6WgT9HuRF1GIgRISvvUyzdMKpb6JtNGurFKbaWkjkdJ2Y2P8EHtjBfE_YcqsUjak2uvHuOsD5dWSqIROVnsE6oA1ytjAiMevs

[2018-06-21 14:29:07][debug] openid：o4aQ2wP8SqmI6LNHNAKiGS8jBOa8

[2018-06-21 14:29:07][debug] unionid：otxZTwX8pmyhvhfrjWAVi4V3uERA

[2018-06-22 23:52:31][debug] access_token：11_0XM1jydk5DQxyCNVXGd6LLT32u3TuRrhzwQqx9guGWgvG1N5Y5iMKd64-cLnDxU3VO8KgH_SXGv4qFnt4Ewd5vKpC0aVDV3WDRzO0MSdnMs

[2018-06-22 23:52:31][debug] openid：o4aQ2wLHOn-ins2QmvV-NF6ZePsw

[2018-06-22 23:52:31][debug] unionid：otxZTwUvZHH0iAyQSQ4vhzlqbbNs

[2018-06-23 00:52:39][debug] access_token：11_FEymdbQ4UaBqW-f6LH2Ehe5quEqA0mvKcPKcC08q7HofCYzDNSY75_WvSrXPexZC3TXrhsHfJEjhpov5jyW5NK6Mrtz9lzrmD0jtkdAHNb8

[2018-06-23 00:52:39][debug] openid：o4aQ2wGwstz-eVuQ4Wbrn-OLXuEA

[2018-06-23 00:52:39][debug] unionid：otxZTwVa1tv9yVmf2qNBprDHQQgg

[2018-06-23 10:52:08][debug] access_token：11_V04F5KCELGFQSeSevT31zk8LzIOQA7r7QIjmLzVux_xIU0q6gtXWkwwCqafklsev_6eAI_7ht1s2hSkPnmiunryySsR1aBTaGfuKImdT_HU

[2018-06-23 10:52:08][debug] openid：o4aQ2wP8SqmI6LNHNAKiGS8jBOa8

[2018-06-23 10:52:08][debug] unionid：otxZTwX8pmyhvhfrjWAVi4V3uERA

[2018-06-23 14:08:58][debug] access_token：11_reffA80pTIfVAWjlACI412hLY9Xg5YP8nOH7_37XhOP_NAYYK1BRh40HxJ7oW1RxIAmHgZzOHgsCYFtWbZr6bS2NN51ThrRop58EjuaJpv0

[2018-06-23 14:08:58][debug] openid：o4aQ2wDK_5TOrDEn2H_byd21fBEY

[2018-06-23 14:08:58][debug] unionid：otxZTwQBiqH32ZB4U1omCv6BkeM8

[2018-06-23 17:33:32][debug] access_token：11_g5Oca_JNCbFI7G067I0S50Finnp1Y19PGSf7OsJY5Q0c6Pjs_y2SVjbr3pIHf7S5uvdQeMB9gCpmlUYXm5y6IzkJ9O93DQEUnzQHvgvnG9E

[2018-06-23 17:33:32][debug] openid：o4aQ2wKZakyGHjKy_L1Md6hVeaf8

[2018-06-23 17:33:32][debug] unionid：otxZTwUq2lFBUbce0tuzbAuBN3v4

[2018-06-23 23:48:10][debug] access_token：11_fW-_Av_O9Iqs8NO3CPMQUbt0qA8SrVTdkdOVrPDInHBKdWzydPoXYl2MrD1dCiAJ2SC8B0qNPmc2LwyT7HQd80k-JcUUhnHUv5vPUZNcNmk

[2018-06-23 23:48:10][debug] openid：o4aQ2wLKA-9sz7OE7421BKDDpmLI

[2018-06-23 23:48:10][debug] unionid：otxZTwUWOTCVZbGujYBT9NAbOOKk

[2018-06-24 00:46:37][debug] access_token：11_dvIAHgH6oLvxvDOA5NrdLydfsQci9T9XHh7ApiA4ZXuRi4pbuToX-xLeYvKQC7l4I1ShPj08Dx2mY89gkZG7_7VbifMEqE5eHorZ7CKQ54E

[2018-06-24 00:46:37][debug] openid：o4aQ2wH0yNM6gQeUd6hr98QuM1Ec

[2018-06-24 00:46:37][debug] unionid：otxZTwRpbpsdkBO9MUY8RYTEuT4A

[2018-06-24 11:38:47][debug] access_token：11_jpFHaFRkwu1ZtcF7Xwu1aZimZc5O3ao0nRwfI70nt6XpNv4_dzeGK3CCdbNgyBFsgjtcep6gG6wnNk63jGUrhhCztA1KqIkrIlpvMAqO388

[2018-06-24 11:38:47][debug] openid：o4aQ2wP8SqmI6LNHNAKiGS8jBOa8

[2018-06-24 11:38:47][debug] unionid：otxZTwX8pmyhvhfrjWAVi4V3uERA

[2018-06-24 17:30:29][debug] access_token：11_8rHLMZNbJqRhLyYKg96T1-urQdfmqC8UOJvEjd8I5-C8AwNAyb6THsfm9aKmIshjkApocENyM6HdgFcU9aLkP2cTZSYvOv_3suHCZWfSsCM

[2018-06-24 17:30:29][debug] openid：o4aQ2wDakh7MA1ntBEv8Rlfdbv7A

[2018-06-24 17:30:29][debug] unionid：otxZTwWZ4VwagKPFdkkpPBdOI-_Y

[2018-06-25 00:28:32][debug] access_token：11_0bPlZodTUokStSwe5D43YJeIyZD4h4_G7uwTb2Nl8zdwuAUkaCv8Sz5jlJq3rQ703I_1y32n0d2LBz1bUHifV3Hn2ixwhS4XBfs6Q7csqXA

[2018-06-25 00:28:32][debug] openid：o4aQ2wLHOn-ins2QmvV-NF6ZePsw

[2018-06-25 00:28:32][debug] unionid：otxZTwUvZHH0iAyQSQ4vhzlqbbNs

[2018-06-25 08:06:06][debug] access_token：11_ygsrjqmPyeAAjrt70N2ddszOWlTOlALFaPdgO236CxFy_0Rww6ZbdH92ku6XowXW75V35NJJ1vU6QJb2AQLO-DYCcUbqOljieX_iWwpbbR0

[2018-06-25 08:06:06][debug] openid：o4aQ2wDakh7MA1ntBEv8Rlfdbv7A

[2018-06-25 08:06:06][debug] unionid：otxZTwWZ4VwagKPFdkkpPBdOI-_Y

[2018-06-25 10:02:15][debug] access_token：11_8XimNrkffxCbjkrlgquLGFSOJZnkTbWRImcWHDGZjElP3umRnE-Um2P4UwrzLIFFvLsH7FkGaOJbg4zKTBjAkfsPehh1DVNT6ej2TxtuGtk

[2018-06-25 10:02:15][debug] openid：o4aQ2wFszyPfzqhZpONvaEGYeCGo

[2018-06-25 10:02:15][debug] unionid：otxZTwdpGNrsHeX2U5SkbDcWhb0E

[2018-06-25 22:56:12][debug] access_token：11_kMdZc79dIGVjCIxDa9SfFb3UNr6m6o8fKle5AhVpI3dEBfTgK0BPwHrQ9uor-2u_KeM-i5hrAs5oy5gCz3ymuGPjo6w3G7HzZ3dEgXnbheg

[2018-06-25 22:56:12][debug] openid：o4aQ2wLHOn-ins2QmvV-NF6ZePsw

[2018-06-25 22:56:12][debug] unionid：otxZTwUvZHH0iAyQSQ4vhzlqbbNs

[2018-06-26 02:03:17][debug] access_token：11_G4gt69bRKGIFpUojZz0MwAXSkHaZbjtBnnZuqxuhFiErlksBA35PjgutVt6dBWZE8AkFSpJ4cRTusPiRu0q6aCzk5jf4wFgPblsKDyd0-uM

[2018-06-26 02:03:17][debug] openid：o4aQ2wAJbGJFwc5gP35fw8C9pqCE

[2018-06-26 02:03:17][debug] unionid：otxZTwSNrE2GcBLqZ6Xb5OaDrzDU

[2019-05-27 11:35:51][debug] access_token：21_xpwQN-YHLIPRIoa2l0oPgaOrOw2X6Sjm1r1zCvFKyBmXyPmZaS4wYbbN-_sN067J54CURxFcBHSn3gFuLnZdVmQ3eggMnrgYuE6S2OMQ0Xo

[2019-05-27 11:35:51][debug] openid：o81v21AfppEeUw7BFbnOORPOLQ6c

[2019-05-27 11:35:51][debug] unionid：oUYFh1p_W2Gv2cQvMboIhWomIcII

[2019-05-28 13:36:12][debug] access_token：21_uu8B6zujKd3GVGDrP3ENLLND3bdOqqJR63LPOE3RO-EQeAyueR963PQamoT32PP46gw9_ASDxqGMwq9zerKukal7GTPKh8pzxMMuxnCwMcw

[2019-05-28 13:36:12][debug] openid：o81v21KS4MCsZDORojqlUrufyN6I

[2019-05-28 13:36:12][debug] unionid：oUYFh1mYmx7Hmbldv0Ys_72qh-i8

[2019-06-04 02:07:37][debug] access_token：22_mJTTbaHXm3Cu9loKcBVg-y4E7MNsIn3MM96Aedp5dvMovELbAnLdF-EJacRr9lrfR9ApnenKsJd3IswRCbMMXN7Te3i_kEKuX0m8R2Tr1r8

[2019-06-04 02:07:37][debug] openid：o81v21AfppEeUw7BFbnOORPOLQ6c

[2019-06-04 02:07:37][debug] unionid：oUYFh1p_W2Gv2cQvMboIhWomIcII

[2019-06-10 14:29:52][debug] access_token：22_bNL_Klh1y0wlCH20T4Rsz0PK0tE8dphmic2tG7XaGNYjb8h64gyPKwnniPKKhUdbQOn86TBFLpdDZJFHppyWx_WkK-NHADzuTGMR2BdkOwI

[2019-06-10 14:29:52][debug] openid：o81v21KS4MCsZDORojqlUrufyN6I

[2019-06-10 14:29:52][debug] unionid：oUYFh1mYmx7Hmbldv0Ys_72qh-i8

[2019-06-10 14:34:58][debug] access_token：22_6jCJOrdGfpTkzuztN1S6Wp3VNYuWr3mhyua5Aqujfol0GqvGpkgnMNh-gWu6XkL1ntrkEbWqmweOdER-UQ_LBGaZFa2Ljh7IHSfiuZSxJaM

[2019-06-10 14:34:58][debug] openid：o81v21AfppEeUw7BFbnOORPOLQ6c

[2019-06-10 14:34:58][debug] unionid：oUYFh1p_W2Gv2cQvMboIhWomIcII

