[2017-11-01 06:54:44][debug] uid : 83
title : 您的帐户有新的资金变动
body : 点击查看详细信息！
url : http://zzx.huoniaomenhu.com/u/record.html
music : default
android_access_id : nkgWOk115DhnQJtE
android_secret_key : UFJZ7octrtGG0kW1fgT4jFRefl14cj
android_access_key : 23568493
ios_access_id : nkgWOk115DhnQJtE
ios_secret_key : UFJZ7octrtGG0kW1fgT4jFRefl14cj
ios_access_key : 23568493


[2017-11-01 06:57:31][debug] uid : 1212
title : 您发布的【圆融时代广场】韩国酒吧式烤肉已经通过审核。
body : 您好，您发布的【圆融时代广场】韩国酒吧式烤肉，审核状态：已经通过审核。！
url : http://zzx.huoniaomenhu.com/b/manage-tuan.html?state=1
music : default
android_access_id : nkgWOk115DhnQJtE
android_secret_key : UFJZ7octrtGG0kW1fgT4jFRefl14cj
android_access_key : 23568493
ios_access_id : nkgWOk115DhnQJtE
ios_secret_key : UFJZ7octrtGG0kW1fgT4jFRefl14cj
ios_access_key : 23568493


[2017-11-01 07:01:21][debug] uid : 83
title : 订单：17B0119554329340支付成功
body : 您的订单：17B0119554329340支付成功，订单金额：96，点击查看！
url : http://zzx.huoniaomenhu.com/u/orderdetail-tuan-303.html
music : default
android_access_id : nkgWOk115DhnQJtE
android_secret_key : UFJZ7octrtGG0kW1fgT4jFRefl14cj
android_access_key : 23568493
ios_access_id : nkgWOk115DhnQJtE
ios_secret_key : UFJZ7octrtGG0kW1fgT4jFRefl14cj
ios_access_key : 23568493


[2017-11-01 07:01:28][debug] uid : 1212
title : 新订单通知：17B0119554329340
body : 您的商品：【10店通用】鑫花溪牛肉粉有新的订单，订单号：17B0119554329340，订单金额：96，订单状态：已支付，付款时间：2017-11-01 07:01:21
url : http://zzx.huoniaomenhu.com/b/orderdetail-tuan-303.html
music : default
android_access_id : nkgWOk115DhnQJtE
android_secret_key : UFJZ7octrtGG0kW1fgT4jFRefl14cj
android_access_key : 23568493
ios_access_id : nkgWOk115DhnQJtE
ios_secret_key : UFJZ7octrtGG0kW1fgT4jFRefl14cj
ios_access_key : 23568493


[2017-11-01 07:03:14][debug] uid : 83
title : 订单：17B0119782337309支付成功
body : 您的订单：17B0119782337309支付成功，订单金额：96，点击查看！
url : http://zzx.huoniaomenhu.com/u/orderdetail-tuan-304.html
music : default
android_access_id : nkgWOk115DhnQJtE
android_secret_key : UFJZ7octrtGG0kW1fgT4jFRefl14cj
android_access_key : 23568493
ios_access_id : nkgWOk115DhnQJtE
ios_secret_key : UFJZ7octrtGG0kW1fgT4jFRefl14cj
ios_access_key : 23568493


[2017-11-01 07:03:21][debug] uid : 1212
title : 新订单通知：17B0119782337309
body : 您的商品：【10店通用】鑫花溪牛肉粉有新的订单，订单号：17B0119782337309，订单金额：96，订单状态：已支付，付款时间：2017-11-01 07:03:14
url : http://zzx.huoniaomenhu.com/b/orderdetail-tuan-304.html
music : default
android_access_id : nkgWOk115DhnQJtE
android_secret_key : UFJZ7octrtGG0kW1fgT4jFRefl14cj
android_access_key : 23568493
ios_access_id : nkgWOk115DhnQJtE
ios_secret_key : UFJZ7octrtGG0kW1fgT4jFRefl14cj
ios_access_key : 23568493


